<?xml version="1.0" encoding="UTF-8"?>
<!-- Generated by org.testng.reporters.JUnitXMLReporter -->
<testsuite ignored="0" hostname="DESKTOP-Q4220BO" failures="0" tests="3" name="Test" time="137.9" errors="0" timestamp="2024-03-12T16:47:19 IST">
  <testcase classname="DnT.Appium_Poc.validatePreferenceAlert" name="runAppiumTest" time="22.38"/>
  <testcase classname="DnT.Appium_Poc.verifyUserScrollingAction" name="runAppiumLongPressTest" time="16.259"/>
  <testcase classname="DnT.Appium_Poc.ViewslongPressTest" name="runAppiumLongPressTest" time="20.598"/>
</testsuite> <!-- Test -->
