<?xml version="1.0" encoding="UTF-8"?>
<testsuite xmlns:xsi="http://www.w3.org/2001/XMLSchema-instance" xsi:noNamespaceSchemaLocation="https://maven.apache.org/surefire/maven-surefire-plugin/xsd/surefire-test-report-3.0.xsd" version="3.0" name="TestSuite" time="159.515" tests="3" errors="0" skipped="0" failures="0">
  <properties>
[...]
</properties>
  <testcase name="verifyPreferanceAlertTest[{wifiText=RoshanMorkhade, expectText=WiFi settings}](1)" classname="DnT.Appium_Poc.validatePreferenceAlert" time="23.658">
    <system-out><![CDATA[WARN Appium Appium encountered 1 warning while validating drivers found in manifest C:\Users\hp\.appium\node_modules\.cache\appium\extensions.yaml
WARN Appium Driver "uiautomator2" has 1 potential problem: 
WARN Appium   - Driver "uiautomator2" (package `appium-uiautomator2-driver`) may be incompatible with the current version of Appium (v2.0.1) due to its peer dependency on older Appium v^2.4.1. Please upgrade `appium-uiautomator2-driver` to v3.0.2 or newer.
&amp#27;[35m[Appium]&amp#27;[39m Welcome to Appium v2.0.1
&amp#27;[35m[Appium]&amp#27;[39m Non-default server args:
&amp#27;[35m[Appium]&amp#27;[39m { address: &amp#27;[32m'127.0.0.1'&amp#27;[39m }
&amp#27;[35m[Appium]&amp#27;[39m Attempting to load driver uiautomator2...
[debug] &amp#27;[35m[Appium]&amp#27;[39m Requiring driver at C:\Users\hp\.appium\node_modules\appium-uiautomator2-driver
&amp#27;[35m[Appium]&amp#27;[39m Appium REST http interface listener started on http://127.0.0.1:4723
&amp#27;[35m[Appium]&amp#27;[39m Available drivers:
&amp#27;[35m[Appium]&amp#27;[39m   - uiautomator2@3.0.0 (automationName 'UiAutomator2')
&amp#27;[35m[Appium]&amp#27;[39m No plugins have been installed. Use the "appium plugin" command to install the one(s) you want to use.
&amp#27;[38;5;0m[HTTP]&amp#27;[0m &amp#27;[37m-->&amp#27;[39m &amp#27;[37mGET&amp#27;[39m &amp#27;[37m/status&amp#27;[39m
&amp#27;[38;5;0m[HTTP]&amp#27;[0m &amp#27;[90m{}&amp#27;[39m
[debug] &amp#27;[38;5;16m[AppiumDriver@9b77]&amp#27;[0m Calling AppiumDriver.getStatus() with args: []
[debug] &amp#27;[38;5;16m[AppiumDriver@9b77]&amp#27;[0m Responding to client with driver.getStatus() result: {"build":{"version":"2.0.1"}}
&amp#27;[38;5;0m[HTTP]&amp#27;[0m &amp#27;[37m<-- GET /status &amp#27;[39m&amp#27;[32m200&amp#27;[39m &amp#27;[90m8 ms - 39&amp#27;[39m
&amp#27;[38;5;0m[HTTP]&amp#27;[0m &amp#27;[90m&amp#27;[39m
[debug] &amp#27;[38;5;0m[HTTP]&amp#27;[0m Request idempotency key: d4c8fbeb-aa52-4604-9798-c920d10359cb
&amp#27;[38;5;0m[HTTP]&amp#27;[0m &amp#27;[37m-->&amp#27;[39m &amp#27;[37mPOST&amp#27;[39m &amp#27;[37m/session&amp#27;[39m
&amp#27;[38;5;0m[HTTP]&amp#27;[0m &amp#27;[90m{"capabilities":{"firstMatch":[{}],"alwaysMatch":{"appium:automationName":"UIAutomator2","appium:deviceName":"Roshan","appium:app":"C:\\Users\\hp\\eclipse-workspace\\Appium_Poc\\src\\test\\java\\resources\\APKFiles\\resources\\ApiDemos-debug.apk","platformName":"ANDROID"}}}&amp#27;[39m
[debug] &amp#27;[38;5;16m[AppiumDriver@9b77]&amp#27;[0m Calling AppiumDriver.createSession() with args: [null,null,{"firstMatch":[{}],"alwaysMatch":{"appium:automationName":"UIAutomator2","appium:deviceName":"Roshan","appium:app":"C:\\Users\\hp\\eclipse-workspace\\Appium_Poc\\src\\test\\java\\resources\\APKFiles\\resources\\ApiDemos-debug.apk","platformName":"ANDROID"}}]
[debug] &amp#27;[38;5;16m[AppiumDriver@9b77]&amp#27;[0m Event 'newSessionRequested' logged at 1710758845783 (16:17:25 GMT+0530 (India Standard Time))
&amp#27;[35m[Appium]&amp#27;[39m Attempting to find matching driver for automationName 'UIAutomator2' and platformName 'ANDROID'
&amp#27;[35m[Appium]&amp#27;[39m The 'uiautomator2' driver was installed and matched caps.
&amp#27;[35m[Appium]&amp#27;[39m Will require it at C:\Users\hp\.appium\node_modules\appium-uiautomator2-driver
[debug] &amp#27;[35m[Appium]&amp#27;[39m Requiring driver at C:\Users\hp\.appium\node_modules\appium-uiautomator2-driver
&amp#27;[38;5;16m[AppiumDriver@9b77]&amp#27;[0m Appium v2.0.1 creating new AndroidUiautomator2Driver (v3.0.0) session
&amp#27;[38;5;16m[AppiumDriver@9b77]&amp#27;[0m Checking BaseDriver versions for Appium and AndroidUiautomator2Driver
&amp#27;[38;5;16m[AppiumDriver@9b77]&amp#27;[0m Appium's BaseDriver version is 9.5.2
&amp#27;[38;5;16m[AppiumDriver@9b77]&amp#27;[0m AndroidUiautomator2Driver's BaseDriver version is 9.5.2
[debug] &amp#27;[38;5;32m[AndroidUiautomator2Driver@80c6]&amp#27;[0m Creating session with W3C capabilities: {
[debug] &amp#27;[38;5;32m[AndroidUiautomator2Driver@80c6]&amp#27;[0m   "alwaysMatch": {
[debug] &amp#27;[38;5;32m[AndroidUiautomator2Driver@80c6]&amp#27;[0m     "platformName": "ANDROID",
[debug] &amp#27;[38;5;32m[AndroidUiautomator2Driver@80c6]&amp#27;[0m     "appium:automationName": "UIAutomator2",
[debug] &amp#27;[38;5;32m[AndroidUiautomator2Driver@80c6]&amp#27;[0m     "appium:deviceName": "Roshan",
[debug] &amp#27;[38;5;32m[AndroidUiautomator2Driver@80c6]&amp#27;[0m     "appium:app": "C:\\Users\\hp\\eclipse-workspace\\Appium_Poc\\src\\test\\java\\resources\\APKFiles\\resources\\ApiDemos-debug.apk"
[debug] &amp#27;[38;5;32m[AndroidUiautomator2Driver@80c6]&amp#27;[0m   },
[debug] &amp#27;[38;5;32m[AndroidUiautomator2Driver@80c6]&amp#27;[0m   "firstMatch": [
[debug] &amp#27;[38;5;32m[AndroidUiautomator2Driver@80c6]&amp#27;[0m     {}
[debug] &amp#27;[38;5;32m[AndroidUiautomator2Driver@80c6]&amp#27;[0m   ]
[debug] &amp#27;[38;5;32m[AndroidUiautomator2Driver@80c6]&amp#27;[0m }
&amp#27;[38;5;32m[AndroidUiautomator2Driver@80c6 (bdacac19)]&amp#27;[0m Session created with session id: bdacac19-a5b0-4156-ab43-5eb42dbf7517
&amp#27;[38;5;48m[ADB]&amp#27;[0m Found 1 'build-tools' folders under 'C:\Users\hp\AppData\Local\Android\Sdk' (newest first):
&amp#27;[38;5;48m[ADB]&amp#27;[0m     C:\Users\hp\AppData\Local\Android\Sdk\build-tools\34.0.0
&amp#27;[38;5;48m[ADB]&amp#27;[0m Using 'adb.exe' from 'C:\Users\hp\AppData\Local\Android\Sdk\platform-tools\adb.exe'
[debug] &amp#27;[38;5;48m[ADB]&amp#27;[0m Running 'C:\Users\hp\AppData\Local\Android\Sdk\platform-tools\adb.exe -P 5037 start-server'
&amp#27;[38;5;32m[AndroidUiautomator2Driver@80c6 (bdacac19)]&amp#27;[0m Retrieving device list
[debug] &amp#27;[38;5;48m[ADB]&amp#27;[0m Trying to find connected Android devices
[debug] &amp#27;[38;5;48m[ADB]&amp#27;[0m Getting connected devices
[debug] &amp#27;[38;5;48m[ADB]&amp#27;[0m Connected devices: [{"udid":"emulator-5554","state":"device"}]
&amp#27;[38;5;32m[AndroidUiautomator2Driver@80c6 (bdacac19)]&amp#27;[0m Using device: emulator-5554
&amp#27;[38;5;48m[ADB]&amp#27;[0m Using 'adb.exe' from 'C:\Users\hp\AppData\Local\Android\Sdk\platform-tools\adb.exe'
[debug] &amp#27;[38;5;48m[ADB]&amp#27;[0m Running 'C:\Users\hp\AppData\Local\Android\Sdk\platform-tools\adb.exe -P 5037 start-server'
[debug] &amp#27;[38;5;48m[ADB]&amp#27;[0m Setting device id to emulator-5554
&amp#27;[38;5;64m[BaseDriver]&amp#27;[0m Using local app 'C:\Users\hp\eclipse-workspace\Appium_Poc\src\test\java\resources\APKFiles\resources\ApiDemos-debug.apk'
[debug] &amp#27;[38;5;32m[AndroidUiautomator2Driver@80c6 (bdacac19)]&amp#27;[0m Checking whether app is actually present
[debug] &amp#27;[38;5;48m[ADB]&amp#27;[0m Running 'C:\Users\hp\AppData\Local\Android\Sdk\platform-tools\adb.exe -P 5037 -s emulator-5554 shell getprop ro.build.version.sdk'
[debug] &amp#27;[38;5;48m[ADB]&amp#27;[0m Current device property 'ro.build.version.sdk': 34
&amp#27;[38;5;48m[ADB]&amp#27;[0m Getting device platform version
[debug] &amp#27;[38;5;48m[ADB]&amp#27;[0m Running 'C:\Users\hp\AppData\Local\Android\Sdk\platform-tools\adb.exe -P 5037 -s emulator-5554 shell getprop ro.build.version.release'
[debug] &amp#27;[38;5;48m[ADB]&amp#27;[0m Current device property 'ro.build.version.release': 14
[debug] &amp#27;[38;5;48m[ADB]&amp#27;[0m Device API level: 34
&amp#27;[38;5;32m[AndroidUiautomator2Driver@80c6 (bdacac19)]&amp#27;[0m Relaxing hidden api policy
[debug] &amp#27;[38;5;48m[ADB]&amp#27;[0m Running 'C:\Users\hp\AppData\Local\Android\Sdk\platform-tools\adb.exe -P 5037 -s emulator-5554 shell 'settings put global hidden_api_policy_pre_p_apps 1;settings put global hidden_api_policy_p_apps 1;settings put global hidden_api_policy 1''
[debug] &amp#27;[38;5;32m[AndroidUiautomator2Driver@80c6 (bdacac19)]&amp#27;[0m Parsing package and activity from app manifest
[debug] &amp#27;[38;5;48m[ADB]&amp#27;[0m Running 'C:\Users\hp\AppData\Local\Android\Sdk\platform-tools\adb.exe -P 5037 -s emulator-5554 wait-for-device'
&amp#27;[38;5;48m[ADB]&amp#27;[0m Package name: 'io.appium.android.apis'
&amp#27;[38;5;48m[ADB]&amp#27;[0m Main activity name: 'io.appium.android.apis.ApiDemos'
[debug] &amp#27;[38;5;32m[AndroidUiautomator2Driver@80c6 (bdacac19)]&amp#27;[0m Parsed package and activity are: io.appium.android.apis/io.appium.android.apis.ApiDemos
[debug] &amp#27;[38;5;48m[ADB]&amp#27;[0m Running 'C:\Users\hp\AppData\Local\Android\Sdk\platform-tools\adb.exe -P 5037 -s emulator-5554 shell echo ping'
[debug] &amp#27;[38;5;32m[AndroidUiautomator2Driver@80c6 (bdacac19)]&amp#27;[0m Pushing settings apk to the device...
[debug] &amp#27;[38;5;48m[ADB]&amp#27;[0m Getting package info for 'io.appium.settings'
[debug] &amp#27;[38;5;48m[ADB]&amp#27;[0m Running 'C:\Users\hp\AppData\Local\Android\Sdk\platform-tools\adb.exe -P 5037 -s emulator-5554 shell dumpsys package io.appium.settings'
[debug] &amp#27;[38;5;48m[ADB]&amp#27;[0m The version name of the installed 'io.appium.settings' is greater or equal to the application version name ('5.7.5' >= '5.7.5')
[debug] &amp#27;[38;5;48m[ADB]&amp#27;[0m There is no need to install/upgrade 'C:\Users\hp\.appium\node_modules\appium-uiautomator2-driver\node_modules\io.appium.settings\apks\settings_apk-debug.apk'
[debug] &amp#27;[38;5;48m[ADB]&amp#27;[0m Running 'C:\Users\hp\AppData\Local\Android\Sdk\platform-tools\adb.exe -P 5037 -s emulator-5554 shell dumpsys activity services io.appium.settings'
[debug] &amp#27;[38;5;32m[AndroidUiautomator2Driver@80c6 (bdacac19)]&amp#27;[0m io.appium.settings is already running. There is no need to reset its permissions.
[debug] &amp#27;[38;5;80m[Logcat]&amp#27;[0m Starting logs capture with command: C:\\Users\\hp\\AppData\\Local\\Android\\Sdk\\platform-tools\\adb.exe -P 5037 -s emulator-5554 logcat -v threadtime
[debug] &amp#27;[38;5;32m[AndroidUiautomator2Driver@80c6 (bdacac19)]&amp#27;[0m Forwarding UiAutomator2 Server port 6790 to local port 8200
[debug] &amp#27;[38;5;48m[ADB]&amp#27;[0m Forwarding system: 8200 to device: 6790
[debug] &amp#27;[38;5;48m[ADB]&amp#27;[0m Running 'C:\Users\hp\AppData\Local\Android\Sdk\platform-tools\adb.exe -P 5037 -s emulator-5554 forward tcp:8200 tcp:6790'
[debug] &amp#27;[38;5;48m[ADB]&amp#27;[0m Checking app cert for C:\Users\hp\eclipse-workspace\Appium_Poc\src\test\java\resources\APKFiles\resources\ApiDemos-debug.apk
[debug] &amp#27;[38;5;48m[ADB]&amp#27;[0m Checking app cert for C:\Users\hp\.appium\node_modules\appium-uiautomator2-driver\node_modules\appium-uiautomator2-server\apks\appium-uiautomator2-server-v7.0.0.apk
[debug] &amp#27;[38;5;48m[ADB]&amp#27;[0m Checking app cert for C:\Users\hp\.appium\node_modules\appium-uiautomator2-driver\node_modules\appium-uiautomator2-server\apks\appium-uiautomator2-server-debug-androidTest.apk
&amp#27;[38;5;48m[ADB]&amp#27;[0m Using 'apksigner.jar' from 'C:\Users\hp\AppData\Local\Android\Sdk\build-tools\34.0.0\lib\apksigner.jar'
[debug] &amp#27;[38;5;48m[ADB]&amp#27;[0m Starting apksigner: 'C:\\Program Files\\Java\\jdk-17\\bin\\java.exe' -Xmx1024M -Xss1m -jar C:\\Users\\hp\\AppData\\Local\\Android\\Sdk\\build-tools\\34.0.0\\lib\\apksigner.jar verify --print-certs C:\\Users\\hp\\.appium\\node_modules\\appium-uiautomator2-driver\\node_modules\\appium-uiautomator2-server\\apks\\appium-uiautomator2-server-debug-androidTest.apk
[debug] &amp#27;[38;5;48m[ADB]&amp#27;[0m Starting apksigner: 'C:\\Program Files\\Java\\jdk-17\\bin\\java.exe' -Xmx1024M -Xss1m -jar C:\\Users\\hp\\AppData\\Local\\Android\\Sdk\\build-tools\\34.0.0\\lib\\apksigner.jar verify --print-certs C:\\Users\\hp\\eclipse-workspace\\Appium_Poc\\src\\test\\java\\resources\\APKFiles\\resources\\ApiDemos-debug.apk
[debug] &amp#27;[38;5;48m[ADB]&amp#27;[0m Starting apksigner: 'C:\\Program Files\\Java\\jdk-17\\bin\\java.exe' -Xmx1024M -Xss1m -jar C:\\Users\\hp\\AppData\\Local\\Android\\Sdk\\build-tools\\34.0.0\\lib\\apksigner.jar verify --print-certs C:\\Users\\hp\\.appium\\node_modules\\appium-uiautomator2-driver\\node_modules\\appium-uiautomator2-server\\apks\\appium-uiautomator2-server-v7.0.0.apk
[debug] &amp#27;[38;5;48m[ADB]&amp#27;[0m apksigner stdout: Signer #1 certificate DN: EMAILADDRESS=android@android.com, CN=Android, OU=Android, O=Android, L=Mountain View, ST=California, C=US
[debug] &amp#27;[38;5;48m[ADB]&amp#27;[0m Signer #1 certificate SHA-256 digest: a40da80a59d170caa950cf15c18c454d47a39b26989d8b640ecd745ba71bf5dc
[debug] &amp#27;[38;5;48m[ADB]&amp#27;[0m Signer #1 certificate SHA-1 digest: 61ed377e85d386a8dfee6b864bd85b0bfaa5af81
[debug] &amp#27;[38;5;48m[ADB]&amp#27;[0m Signer #1 certificate MD5 digest: e89b158e4bcf988ebd09eb83f5378e87
[debug] &amp#27;[38;5;48m[ADB]&amp#27;[0m 
[debug] &amp#27;[38;5;48m[ADB]&amp#27;[0m sha256 hash did match for 'appium-uiautomator2-server-debug-androidTest.apk'
&amp#27;[38;5;48m[ADB]&amp#27;[0m 'C:\Users\hp\.appium\node_modules\appium-uiautomator2-driver\node_modules\appium-uiautomator2-server\apks\appium-uiautomator2-server-debug-androidTest.apk' is signed with the default certificate
[debug] &amp#27;[38;5;48m[ADB]&amp#27;[0m Getting install status for io.appium.uiautomator2.server.test
[debug] &amp#27;[38;5;48m[ADB]&amp#27;[0m Running 'C:\Users\hp\AppData\Local\Android\Sdk\platform-tools\adb.exe -P 5037 -s emulator-5554 shell pm path io.appium.uiautomator2.server.test'
[debug] &amp#27;[38;5;48m[ADB]&amp#27;[0m 'io.appium.uiautomator2.server.test' is installed
[debug] &amp#27;[38;5;48m[ADB]&amp#27;[0m apksigner stdout: Signer #1 certificate DN: C=US, O=Android, CN=Android Debug
[debug] &amp#27;[38;5;48m[ADB]&amp#27;[0m Signer #1 certificate SHA-256 digest: 65d222b742c05e2bb5b7ba2c5d8da5006fdc97f549f8748f386b58686f9068ca
[debug] &amp#27;[38;5;48m[ADB]&amp#27;[0m Signer #1 certificate SHA-1 digest: 36f3328b5c0cc5e90620656b2d6a53efeed0912d
[debug] &amp#27;[38;5;48m[ADB]&amp#27;[0m Signer #1 certificate MD5 digest: f8000c7af83f8f028c1e15f72abeef3e
[debug] &amp#27;[38;5;48m[ADB]&amp#27;[0m 
&amp#27;[38;5;48m[ADB]&amp#27;[0m 'C:\Users\hp\eclipse-workspace\Appium_Poc\src\test\java\resources\APKFiles\resources\ApiDemos-debug.apk' is signed with a non-default certificate
[debug] &amp#27;[38;5;48m[ADB]&amp#27;[0m Getting package info for 'io.appium.android.apis'
[debug] &amp#27;[38;5;48m[ADB]&amp#27;[0m Running 'C:\Users\hp\AppData\Local\Android\Sdk\platform-tools\adb.exe -P 5037 -s emulator-5554 shell dumpsys package io.appium.android.apis'
[debug] &amp#27;[38;5;48m[ADB]&amp#27;[0m The version name of the installed 'io.appium.android.apis' is greater or equal to the application version name ('4.0.0' >= '4.0.0')
[debug] &amp#27;[38;5;48m[ADB]&amp#27;[0m There is no need to install/upgrade 'C:\Users\hp\eclipse-workspace\Appium_Poc\src\test\java\resources\APKFiles\resources\ApiDemos-debug.apk'
&amp#27;[38;5;32m[AndroidUiautomator2Driver@80c6 (bdacac19)]&amp#27;[0m Performing fast reset on 'io.appium.android.apis'
[debug] &amp#27;[38;5;48m[ADB]&amp#27;[0m Getting install status for io.appium.android.apis
[debug] &amp#27;[38;5;48m[ADB]&amp#27;[0m Running 'C:\Users\hp\AppData\Local\Android\Sdk\platform-tools\adb.exe -P 5037 -s emulator-5554 shell pm path io.appium.android.apis'
[debug] &amp#27;[38;5;48m[ADB]&amp#27;[0m 'io.appium.android.apis' is installed
[debug] &amp#27;[38;5;48m[ADB]&amp#27;[0m Running 'C:\Users\hp\AppData\Local\Android\Sdk\platform-tools\adb.exe -P 5037 -s emulator-5554 shell am force-stop io.appium.android.apis'
[debug] &amp#27;[38;5;48m[ADB]&amp#27;[0m Running 'C:\Users\hp\AppData\Local\Android\Sdk\platform-tools\adb.exe -P 5037 -s emulator-5554 shell pm clear io.appium.android.apis'
[debug] &amp#27;[38;5;32m[AndroidUiautomator2Driver@80c6 (bdacac19)]&amp#27;[0m Performed fast reset on the installed 'io.appium.android.apis' application (stop and clear)
[debug] &amp#27;[38;5;48m[ADB]&amp#27;[0m apksigner stdout: Signer #1 certificate DN: EMAILADDRESS=android@android.com, CN=Android, OU=Android, O=Android, L=Mountain View, ST=California, C=US
[debug] &amp#27;[38;5;48m[ADB]&amp#27;[0m Signer #1 certificate SHA-256 digest: a40da80a59d170caa950cf15c18c454d47a39b26989d8b640ecd745ba71bf5dc
[debug] &amp#27;[38;5;48m[ADB]&amp#27;[0m Signer #1 certificate SHA-1 digest: 61ed377e85d386a8dfee6b864bd85b0bfaa5af81
[debug] &amp#27;[38;5;48m[ADB]&amp#27;[0m Signer #1 certificate MD5 digest: e89b158e4bcf988ebd09eb83f5378e87
[debug] &amp#27;[38;5;48m[ADB]&amp#27;[0m 
[debug] &amp#27;[38;5;48m[ADB]&amp#27;[0m sha256 hash did match for 'appium-uiautomator2-server-v7.0.0.apk'
&amp#27;[38;5;48m[ADB]&amp#27;[0m 'C:\Users\hp\.appium\node_modules\appium-uiautomator2-driver\node_modules\appium-uiautomator2-server\apks\appium-uiautomator2-server-v7.0.0.apk' is signed with the default certificate
[debug] &amp#27;[38;5;48m[ADB]&amp#27;[0m Getting package info for 'io.appium.uiautomator2.server'
[debug] &amp#27;[38;5;48m[ADB]&amp#27;[0m Running 'C:\Users\hp\AppData\Local\Android\Sdk\platform-tools\adb.exe -P 5037 -s emulator-5554 shell dumpsys package io.appium.uiautomator2.server'
[debug] &amp#27;[38;5;48m[ADB]&amp#27;[0m The version name of the installed 'io.appium.uiautomator2.server' is greater or equal to the application version name ('7.0.0' >= '7.0.0')
[debug] &amp#27;[38;5;32m[AndroidUiautomator2Driver@80c6 (bdacac19)]&amp#27;[0m Server packages status: [{"wasSigned":true,"installState":"sameVersionInstalled","appPath":"C:\\Users\\hp\\.appium\\node_modules\\appium-uiautomator2-driver\\node_modules\\appium-uiautomator2-server\\apks\\appium-uiautomator2-server-v7.0.0.apk","appId":"io.appium.uiautomator2.server"},{"wasSigned":true,"installState":"sameVersionInstalled","appPath":"C:\\Users\\hp\\.appium\\node_modules\\appium-uiautomator2-driver\\node_modules\\appium-uiautomator2-server\\apks\\appium-uiautomator2-server-debug-androidTest.apk","appId":"io.appium.uiautomator2.server.test"}]
&amp#27;[38;5;32m[AndroidUiautomator2Driver@80c6 (bdacac19)]&amp#27;[0m Server packages are not going to be (re)installed
[debug] &amp#27;[38;5;32m[AndroidUiautomator2Driver@80c6 (bdacac19)]&amp#27;[0m Waiting up to 30000ms for services to be available
[debug] &amp#27;[38;5;48m[ADB]&amp#27;[0m Running 'C:\Users\hp\AppData\Local\Android\Sdk\platform-tools\adb.exe -P 5037 -s emulator-5554 shell pm list instrumentation'
[debug] &amp#27;[38;5;32m[AndroidUiautomator2Driver@80c6 (bdacac19)]&amp#27;[0m Instrumentation target 'io.appium.uiautomator2.server.test/androidx.test.runner.AndroidJUnitRunner' is available
&amp#27;[38;5;48m[ADB]&amp#27;[0m Adding packages ["io.appium.settings","io.appium.uiautomator2.server","io.appium.uiautomator2.server.test"] to Doze whitelist
[debug] &amp#27;[38;5;48m[ADB]&amp#27;[0m Got the following command chunks to execute: [["dumpsys","deviceidle","whitelist","+io.appium.settings",";","dumpsys","deviceidle","whitelist","+io.appium.uiautomator2.server",";","dumpsys","deviceidle","whitelist","+io.appium.uiautomator2.server.test",";"]]
[debug] &amp#27;[38;5;48m[ADB]&amp#27;[0m Running 'C:\Users\hp\AppData\Local\Android\Sdk\platform-tools\adb.exe -P 5037 -s emulator-5554 shell dumpsys deviceidle whitelist +io.appium.settings ; dumpsys deviceidle whitelist +io.appium.uiautomator2.server ; dumpsys deviceidle whitelist +io.appium.uiautomator2.server.test ;'
[debug] &amp#27;[38;5;32m[AndroidUiautomator2Driver@80c6 (bdacac19)]&amp#27;[0m Performing shallow cleanup of automation leftovers
[debug] &amp#27;[38;5;32m[AndroidUiautomator2Driver@80c6 (bdacac19)]&amp#27;[0m No obsolete sessions have been detected (socket hang up)
[debug] &amp#27;[38;5;48m[ADB]&amp#27;[0m Running 'C:\Users\hp\AppData\Local\Android\Sdk\platform-tools\adb.exe -P 5037 -s emulator-5554 shell am force-stop io.appium.uiautomator2.server.test'
&amp#27;[38;5;32m[AndroidUiautomator2Driver@80c6 (bdacac19)]&amp#27;[0m Starting UIAutomator2 server 7.0.0
&amp#27;[38;5;32m[AndroidUiautomator2Driver@80c6 (bdacac19)]&amp#27;[0m Using UIAutomator2 server from 'C:\Users\hp\.appium\node_modules\appium-uiautomator2-driver\node_modules\appium-uiautomator2-server\apks\appium-uiautomator2-server-v7.0.0.apk' and test from 'C:\Users\hp\.appium\node_modules\appium-uiautomator2-driver\node_modules\appium-uiautomator2-server\apks\appium-uiautomator2-server-debug-androidTest.apk'
&amp#27;[38;5;32m[AndroidUiautomator2Driver@80c6 (bdacac19)]&amp#27;[0m Waiting up to 30000ms for UiAutomator2 to be online...
[debug] &amp#27;[38;5;48m[ADB]&amp#27;[0m Creating ADB subprocess with args: ["-P","5037","-s","emulator-5554","shell","am","instrument","-w","-e","disableAnalytics","true","io.appium.uiautomator2.server.test/androidx.test.runner.AndroidJUnitRunner"]
[debug] &amp#27;[38;5;32m[AndroidUiautomator2Driver@80c6 (bdacac19)]&amp#27;[0m Matched '/status' to command name 'getStatus'
[debug] &amp#27;[38;5;32m[AndroidUiautomator2Driver@80c6 (bdacac19)]&amp#27;[0m Proxying [GET /status] to [GET http://127.0.0.1:8200/status] with no body
&amp#27;[38;5;32m[AndroidUiautomator2Driver@80c6 (bdacac19)]&amp#27;[0m socket hang up
[debug] &amp#27;[38;5;32m[AndroidUiautomator2Driver@80c6 (bdacac19)]&amp#27;[0m Matched '/status' to command name 'getStatus'
[debug] &amp#27;[38;5;32m[AndroidUiautomator2Driver@80c6 (bdacac19)]&amp#27;[0m Proxying [GET /status] to [GET http://127.0.0.1:8200/status] with no body
&amp#27;[38;5;32m[AndroidUiautomator2Driver@80c6 (bdacac19)]&amp#27;[0m socket hang up
[debug] &amp#27;[38;5;32m[AndroidUiautomator2Driver@80c6 (bdacac19)]&amp#27;[0m Matched '/status' to command name 'getStatus'
[debug] &amp#27;[38;5;32m[AndroidUiautomator2Driver@80c6 (bdacac19)]&amp#27;[0m Proxying [GET /status] to [GET http://127.0.0.1:8200/status] with no body
&amp#27;[38;5;32m[AndroidUiautomator2Driver@80c6 (bdacac19)]&amp#27;[0m socket hang up
[debug] &amp#27;[38;5;96m[Instrumentation]&amp#27;[0m io.appium.uiautomator2.server.test.AppiumUiAutomator2Server:
[debug] &amp#27;[38;5;32m[AndroidUiautomator2Driver@80c6 (bdacac19)]&amp#27;[0m Matched '/status' to command name 'getStatus'
[debug] &amp#27;[38;5;32m[AndroidUiautomator2Driver@80c6 (bdacac19)]&amp#27;[0m Proxying [GET /status] to [GET http://127.0.0.1:8200/status] with no body
&amp#27;[38;5;32m[AndroidUiautomator2Driver@80c6 (bdacac19)]&amp#27;[0m socket hang up
[debug] &amp#27;[38;5;32m[AndroidUiautomator2Driver@80c6 (bdacac19)]&amp#27;[0m Matched '/status' to command name 'getStatus'
[debug] &amp#27;[38;5;32m[AndroidUiautomator2Driver@80c6 (bdacac19)]&amp#27;[0m Proxying [GET /status] to [GET http://127.0.0.1:8200/status] with no body
&amp#27;[38;5;32m[AndroidUiautomator2Driver@80c6 (bdacac19)]&amp#27;[0m socket hang up
[debug] &amp#27;[38;5;32m[AndroidUiautomator2Driver@80c6 (bdacac19)]&amp#27;[0m Matched '/status' to command name 'getStatus'
[debug] &amp#27;[38;5;32m[AndroidUiautomator2Driver@80c6 (bdacac19)]&amp#27;[0m Proxying [GET /status] to [GET http://127.0.0.1:8200/status] with no body
[debug] &amp#27;[38;5;32m[AndroidUiautomator2Driver@80c6 (bdacac19)]&amp#27;[0m Got response with status 200: {"sessionId":"None","value":{"message":"UiAutomator2 Server is ready to accept commands","ready":true}}
[debug] &amp#27;[38;5;32m[AndroidUiautomator2Driver@80c6 (bdacac19)]&amp#27;[0m The initialization of the instrumentation process took 5423ms
[debug] &amp#27;[38;5;32m[AndroidUiautomator2Driver@80c6 (bdacac19)]&amp#27;[0m Matched '/session' to command name 'createSession'
[debug] &amp#27;[38;5;32m[AndroidUiautomator2Driver@80c6 (bdacac19)]&amp#27;[0m Proxying [POST /session] to [POST http://127.0.0.1:8200/session] with body: {"capabilities":{"firstMatch":[{"platformName":"ANDROID","automationName":"UIAutomator2","deviceName":"emulator-5554","app":"C:\\Users\\hp\\eclipse-workspace\\Appium_Poc\\src\\test\\java\\resources\\APKFiles\\resources\\ApiDemos-debug.apk","platform":"LINUX","webStorageEnabled":false,"takesScreenshot":true,"javascriptEnabled":true,"databaseEnabled":false,"networkConnectionEnabled":true,"locationContextEnabled":false,"warnings":{},"desired":{"platformName":"ANDROID","automationName":"UIAutomator2","deviceName":"Roshan","app":"C:\\Users\\hp\\eclipse-workspace\\Appium_Poc\\src\\test\\java\\resources\\APKFiles\\resources\\ApiDemos-debug.apk"},"deviceUDID":"emulator-5554","appPackage":"io.appium.android.apis"}],"alwaysMatch":{}}}
[debug] &amp#27;[38;5;32m[AndroidUiautomator2Driver@80c6 (bdacac19)]&amp#27;[0m Got response with status 200: {"sessionId":"048c0777-bf46-4ebc-8742-73a1f7f816be","value":{"capabilities":{"firstMatch":[{"platformName":"ANDROID","automationName":"UIAutomator2","deviceName":"emulator-5554","app":"C:\\Users\\hp\\eclipse-workspace\\Appium_Poc\\src\\test\\java\\resources\\APKFiles\\resources\\ApiDemos-debug.apk","platform":"LINUX","webStorageEnabled":false,"takesScreenshot":true,"javascriptEnabled":true,"databaseEnabled":false,"networkConnectionEnabled":true,"locationContextEnabled":false,"warnings":{},"desired":{"platformName":"ANDROID","automationName":"UIAutomator2","deviceName":"Roshan","app":"C:\\Users\\hp\\eclipse-workspace\\Appium_Poc\\src\\test\\java\\resources\\APKFiles\\resources\\ApiDemos-debug.apk"},"deviceUDID":"emulator-5554","appPackage":"io.appium.android.apis"}],"alwaysMatch":{}},"sessionId":"048c0777-bf46-4ebc-8742-73a1f7f816be"}}
&amp#27;[38;5;32m[AndroidUiautomator2Driver@80c6 (bdacac19)]&amp#27;[0m Determined the downstream protocol as 'W3C'
[debug] &amp#27;[38;5;32m[AndroidUiautomator2Driver@80c6 (bdacac19)]&amp#27;[0m Proxying [GET /appium/device/pixel_ratio] to [GET http://127.0.0.1:8200/session/048c0777-bf46-4ebc-8742-73a1f7f816be/appium/device/pixel_ratio] with no body
[debug] &amp#27;[38;5;32m[AndroidUiautomator2Driver@80c6 (bdacac19)]&amp#27;[0m Matched '/appium/device/system_bars' to command name 'getSystemBars'
[debug] &amp#27;[38;5;32m[AndroidUiautomator2Driver@80c6 (bdacac19)]&amp#27;[0m Proxying [GET /appium/device/system_bars] to [GET http://127.0.0.1:8200/session/048c0777-bf46-4ebc-8742-73a1f7f816be/appium/device/system_bars] with no body
[debug] &amp#27;[38;5;32m[AndroidUiautomator2Driver@80c6 (bdacac19)]&amp#27;[0m Matched '/window/current/size' to command name 'getWindowSize'
[debug] &amp#27;[38;5;32m[AndroidUiautomator2Driver@80c6 (bdacac19)]&amp#27;[0m Proxying [GET /window/current/size] to [GET http://127.0.0.1:8200/session/048c0777-bf46-4ebc-8742-73a1f7f816be/window/current/size] with no body
[debug] &amp#27;[38;5;32m[AndroidUiautomator2Driver@80c6 (bdacac19)]&amp#27;[0m Proxying [GET /appium/device/info] to [GET http://127.0.0.1:8200/session/048c0777-bf46-4ebc-8742-73a1f7f816be/appium/device/info] with no body
[debug] &amp#27;[38;5;48m[ADB]&amp#27;[0m Running 'C:\Users\hp\AppData\Local\Android\Sdk\platform-tools\adb.exe -P 5037 -s emulator-5554 shell dumpsys window'
[debug] &amp#27;[38;5;32m[AndroidUiautomator2Driver@80c6 (bdacac19)]&amp#27;[0m Got response with status 200: {"sessionId":"048c0777-bf46-4ebc-8742-73a1f7f816be","value":2.75}
[debug] &amp#27;[38;5;32m[AndroidUiautomator2Driver@80c6 (bdacac19)]&amp#27;[0m Got response with status 200: {"sessionId":"048c0777-bf46-4ebc-8742-73a1f7f816be","value":{"statusBar":66}}
[debug] &amp#27;[38;5;32m[AndroidUiautomator2Driver@80c6 (bdacac19)]&amp#27;[0m Got response with status 200: {"sessionId":"048c0777-bf46-4ebc-8742-73a1f7f816be","value":{"height":2220,"width":1080}}
[debug] &amp#27;[38;5;32m[AndroidUiautomator2Driver@80c6 (bdacac19)]&amp#27;[0m Got response with status 200: {"sessionId":"048c0777-bf46-4ebc-8742-73a1f7f816be","value":{"androidId":"3fe37133428e4ed7","apiVersion":"34","bluetooth":{"state":"ON"},"brand":"google","carrierName":"T-Mobile","displayDensity":440,"locale":"en_US","manufacturer":"Google","model":"sdk_gphone64_x86_64","networks":[{"capabilities":{"SSID":null,"linkDownBandwidthKbps":30000,"linkUpstreamBandwidthKbps":12000,"networkCapabilities":"NET_CAPABILITY_NOT_METERED,NET_CAPABILITY_INTERNET,NET_CAPABILITY_NOT_RESTRICTED,NET_CAPABILITY_TRUSTED,NET_CAPABILITY_NOT_VPN,NET_CAPABILITY_VALIDATED,NET_CAPABILITY_NOT_ROAMING,NET_CAPABILITY_FOREGROUND,NET_CAPABILITY_NOT_CONGESTED,NET_CAPABILITY_NOT_SUSPENDED","signalStrength":-50,"transportTypes":"TRANSPORT_WIFI"},"detailedState":"CONNECTED","extraInfo":"","isAvailable":true,"isConnected":true,"isFailover":false,"isRoaming":false,"state":"CONNECTED","subtype":-1,"subtypeName":"","type":1,"typeName":"WIFI"},{"capabilities":{"SSID":null,"linkDownBandwidthKbps":4300,"linkUpstreamBandwidthKbps":1800,"networkCapabil...
&amp#27;[38;5;32m[AndroidUiautomator2Driver@80c6 (bdacac19)]&amp#27;[0m Screen already unlocked, doing nothing
&amp#27;[38;5;32m[AndroidUiautomator2Driver@80c6 (bdacac19)]&amp#27;[0m Starting 'io.appium.android.apis/io.appium.android.apis.ApiDemos and waiting for 'io.appium.android.apis/io.appium.android.apis.ApiDemos'
[debug] &amp#27;[38;5;48m[ADB]&amp#27;[0m Running 'C:\Users\hp\AppData\Local\Android\Sdk\platform-tools\adb.exe -P 5037 -s emulator-5554 shell am start -W -n io.appium.android.apis/io.appium.android.apis.ApiDemos -S -a android.intent.action.MAIN -c android.intent.category.LAUNCHER -f 0x10200000'
[debug] &amp#27;[38;5;48m[ADB]&amp#27;[0m Waiting up to 20000ms for activity matching pkg: 'io.appium.android.apis' and activity: 'io.appium.android.apis.ApiDemos' to be focused
[debug] &amp#27;[38;5;48m[ADB]&amp#27;[0m Possible activities, to be checked: 'io.appium.android.apis.ApiDemos', 'io.appium.android.apis.io.appium.android.apis.ApiDemos'
[debug] &amp#27;[38;5;48m[ADB]&amp#27;[0m Getting focused package and activity
[debug] &amp#27;[38;5;48m[ADB]&amp#27;[0m Running 'C:\Users\hp\AppData\Local\Android\Sdk\platform-tools\adb.exe -P 5037 -s emulator-5554 shell dumpsys window displays'
[debug] &amp#27;[38;5;48m[ADB]&amp#27;[0m Found package: 'io.appium.android.apis' and fully qualified activity name : 'io.appium.android.apis.ApiDemos'
&amp#27;[38;5;16m[AppiumDriver@9b77]&amp#27;[0m New AndroidUiautomator2Driver session created successfully, session bdacac19-a5b0-4156-ab43-5eb42dbf7517 added to master session list
[debug] &amp#27;[38;5;16m[AppiumDriver@9b77]&amp#27;[0m Event 'newSessionStarted' logged at 1710758862028 (16:17:42 GMT+0530 (India Standard Time))
[debug] &amp#27;[38;5;32m[AndroidUiautomator2Driver@80c6 (bdacac19)]&amp#27;[0m Cached the protocol value 'W3C' for the new session bdacac19-a5b0-4156-ab43-5eb42dbf7517
[debug] &amp#27;[38;5;32m[AndroidUiautomator2Driver@80c6 (bdacac19)]&amp#27;[0m Responding to client with driver.createSession() result: {"capabilities":{"platformName":"ANDROID","automationName":"UIAutomator2","deviceName":"emulator-5554","app":"C:\\Users\\hp\\eclipse-workspace\\Appium_Poc\\src\\test\\java\\resources\\APKFiles\\resources\\ApiDemos-debug.apk","platform":"LINUX","webStorageEnabled":false,"takesScreenshot":true,"javascriptEnabled":true,"databaseEnabled":false,"networkConnectionEnabled":true,"locationContextEnabled":false,"warnings":{},"desired":{"platformName":"ANDROID","automationName":"UIAutomator2","deviceName":"Roshan","app":"C:\\Users\\hp\\eclipse-workspace\\Appium_Poc\\src\\test\\java\\resources\\APKFiles\\resources\\ApiDemos-debug.apk"},"deviceUDID":"emulator-5554","appPackage":"io.appium.android.apis","pixelRatio":"2.75","statBarHeight":66,"viewportRect":{"left":0,"top":66,"width":1080,"height":2154},"deviceApiLevel":34,"platformVersion":"14","deviceManufacturer":"Google","deviceModel":"sdk_gphone64_x86_64","deviceScreenSize":"1080x2220","deviceScreenDensity":440}}
&amp#27;[38;5;0m[HTTP]&amp#27;[0m &amp#27;[37m<-- POST /session &amp#27;[39m&amp#27;[32m200&amp#27;[39m &amp#27;[90m16250 ms - 1028&amp#27;[39m
&amp#27;[38;5;0m[HTTP]&amp#27;[0m &amp#27;[90m&amp#27;[39m
&amp#27;[38;5;0m[HTTP]&amp#27;[0m &amp#27;[37m-->&amp#27;[39m &amp#27;[37mGET&amp#27;[39m &amp#27;[37m/session/bdacac19-a5b0-4156-ab43-5eb42dbf7517/context&amp#27;[39m
&amp#27;[38;5;0m[HTTP]&amp#27;[0m &amp#27;[90m{}&amp#27;[39m
[debug] &amp#27;[38;5;32m[AndroidUiautomator2Driver@80c6 (bdacac19)]&amp#27;[0m Calling AppiumDriver.getCurrentContext() with args: ["bdacac19-a5b0-4156-ab43-5eb42dbf7517"]
[debug] &amp#27;[38;5;32m[AndroidUiautomator2Driver@80c6 (bdacac19)]&amp#27;[0m Responding to client with driver.getCurrentContext() result: "NATIVE_APP"
&amp#27;[38;5;0m[HTTP]&amp#27;[0m &amp#27;[37m<-- GET /session/bdacac19-a5b0-4156-ab43-5eb42dbf7517/context &amp#27;[39m&amp#27;[32m200&amp#27;[39m &amp#27;[90m8 ms - 22&amp#27;[39m
&amp#27;[38;5;0m[HTTP]&amp#27;[0m &amp#27;[90m&amp#27;[39m
&amp#27;[38;5;0m[HTTP]&amp#27;[0m &amp#27;[37m-->&amp#27;[39m &amp#27;[37mPOST&amp#27;[39m &amp#27;[37m/session/bdacac19-a5b0-4156-ab43-5eb42dbf7517/element&amp#27;[39m
&amp#27;[38;5;0m[HTTP]&amp#27;[0m &amp#27;[90m{"value":"Preference","using":"accessibility id"}&amp#27;[39m
[debug] &amp#27;[38;5;32m[AndroidUiautomator2Driver@80c6 (bdacac19)]&amp#27;[0m Calling AppiumDriver.findElement() with args: ["accessibility id","Preference","bdacac19-a5b0-4156-ab43-5eb42dbf7517"]
[debug] &amp#27;[38;5;32m[AndroidUiautomator2Driver@80c6 (bdacac19)]&amp#27;[0m Valid locator strategies for this request: xpath, id, class name, accessibility id, css selector, -android uiautomator
[debug] &amp#27;[38;5;32m[AndroidUiautomator2Driver@80c6 (bdacac19)]&amp#27;[0m Waiting up to 0 ms for condition
[debug] &amp#27;[38;5;32m[AndroidUiautomator2Driver@80c6 (bdacac19)]&amp#27;[0m Matched '/element' to command name 'findElement'
[debug] &amp#27;[38;5;32m[AndroidUiautomator2Driver@80c6 (bdacac19)]&amp#27;[0m Proxying [POST /element] to [POST http://127.0.0.1:8200/session/048c0777-bf46-4ebc-8742-73a1f7f816be/element] with body: {"strategy":"accessibility id","selector":"Preference","context":"","multiple":false}
[debug] &amp#27;[38;5;32m[AndroidUiautomator2Driver@80c6 (bdacac19)]&amp#27;[0m Got response with status 200: {"sessionId":"048c0777-bf46-4ebc-8742-73a1f7f816be","value":{"ELEMENT":"00000000-0000-00d7-ffff-ffff00000012","element-6066-11e4-a52e-4f735466cecf":"00000000-0000-00d7-ffff-ffff00000012"}}
[debug] &amp#27;[38;5;32m[AndroidUiautomator2Driver@80c6 (bdacac19)]&amp#27;[0m Responding to client with driver.findElement() result: {"element-6066-11e4-a52e-4f735466cecf":"00000000-0000-00d7-ffff-ffff00000012","ELEMENT":"00000000-0000-00d7-ffff-ffff00000012"}
&amp#27;[38;5;0m[HTTP]&amp#27;[0m &amp#27;[37m<-- POST /session/bdacac19-a5b0-4156-ab43-5eb42dbf7517/element &amp#27;[39m&amp#27;[32m200&amp#27;[39m &amp#27;[90m284 ms - 137&amp#27;[39m
&amp#27;[38;5;0m[HTTP]&amp#27;[0m &amp#27;[90m&amp#27;[39m
&amp#27;[38;5;0m[HTTP]&amp#27;[0m &amp#27;[37m-->&amp#27;[39m &amp#27;[37mPOST&amp#27;[39m &amp#27;[37m/session/bdacac19-a5b0-4156-ab43-5eb42dbf7517/element/00000000-0000-00d7-ffff-ffff00000012/click&amp#27;[39m
&amp#27;[38;5;0m[HTTP]&amp#27;[0m &amp#27;[90m{"id":"00000000-0000-00d7-ffff-ffff00000012"}&amp#27;[39m
[debug] &amp#27;[38;5;32m[AndroidUiautomator2Driver@80c6 (bdacac19)]&amp#27;[0m Calling AppiumDriver.click() with args: ["00000000-0000-00d7-ffff-ffff00000012","bdacac19-a5b0-4156-ab43-5eb42dbf7517"]
[debug] &amp#27;[38;5;32m[AndroidUiautomator2Driver@80c6 (bdacac19)]&amp#27;[0m Matched '/element/00000000-0000-00d7-ffff-ffff00000012/click' to command name 'click'
[debug] &amp#27;[38;5;32m[AndroidUiautomator2Driver@80c6 (bdacac19)]&amp#27;[0m Proxying [POST /element/00000000-0000-00d7-ffff-ffff00000012/click] to [POST http://127.0.0.1:8200/session/048c0777-bf46-4ebc-8742-73a1f7f816be/element/00000000-0000-00d7-ffff-ffff00000012/click] with body: {"element":"00000000-0000-00d7-ffff-ffff00000012"}
[debug] &amp#27;[38;5;32m[AndroidUiautomator2Driver@80c6 (bdacac19)]&amp#27;[0m Got response with status 200: {"sessionId":"048c0777-bf46-4ebc-8742-73a1f7f816be","value":null}
[debug] &amp#27;[38;5;32m[AndroidUiautomator2Driver@80c6 (bdacac19)]&amp#27;[0m Responding to client with driver.click() result: null
&amp#27;[38;5;0m[HTTP]&amp#27;[0m &amp#27;[37m<-- POST /session/bdacac19-a5b0-4156-ab43-5eb42dbf7517/element/00000000-0000-00d7-ffff-ffff00000012/click &amp#27;[39m&amp#27;[32m200&amp#27;[39m &amp#27;[90m893 ms - 14&amp#27;[39m
&amp#27;[38;5;0m[HTTP]&amp#27;[0m &amp#27;[90m&amp#27;[39m
&amp#27;[38;5;0m[HTTP]&amp#27;[0m &amp#27;[37m-->&amp#27;[39m &amp#27;[37mGET&amp#27;[39m &amp#27;[37m/session/bdacac19-a5b0-4156-ab43-5eb42dbf7517/context&amp#27;[39m
&amp#27;[38;5;0m[HTTP]&amp#27;[0m &amp#27;[90m{}&amp#27;[39m
[debug] &amp#27;[38;5;32m[AndroidUiautomator2Driver@80c6 (bdacac19)]&amp#27;[0m Calling AppiumDriver.getCurrentContext() with args: ["bdacac19-a5b0-4156-ab43-5eb42dbf7517"]
[debug] &amp#27;[38;5;32m[AndroidUiautomator2Driver@80c6 (bdacac19)]&amp#27;[0m Responding to client with driver.getCurrentContext() result: "NATIVE_APP"
&amp#27;[38;5;0m[HTTP]&amp#27;[0m &amp#27;[37m<-- GET /session/bdacac19-a5b0-4156-ab43-5eb42dbf7517/context &amp#27;[39m&amp#27;[32m200&amp#27;[39m &amp#27;[90m8 ms - 22&amp#27;[39m
&amp#27;[38;5;0m[HTTP]&amp#27;[0m &amp#27;[90m&amp#27;[39m
&amp#27;[38;5;0m[HTTP]&amp#27;[0m &amp#27;[37m-->&amp#27;[39m &amp#27;[37mPOST&amp#27;[39m &amp#27;[37m/session/bdacac19-a5b0-4156-ab43-5eb42dbf7517/element&amp#27;[39m
&amp#27;[38;5;0m[HTTP]&amp#27;[0m &amp#27;[90m{"value":"//android.widget.TextView[@content-desc=\"3. Preference dependencies\"]","using":"xpath"}&amp#27;[39m
[debug] &amp#27;[38;5;32m[AndroidUiautomator2Driver@80c6 (bdacac19)]&amp#27;[0m Calling AppiumDriver.findElement() with args: ["xpath","//android.widget.TextView[@content-desc=\"3. Preference dependencies\"]","bdacac19-a5b0-4156-ab43-5eb42dbf7517"]
[debug] &amp#27;[38;5;32m[AndroidUiautomator2Driver@80c6 (bdacac19)]&amp#27;[0m Valid locator strategies for this request: xpath, id, class name, accessibility id, css selector, -android uiautomator
[debug] &amp#27;[38;5;32m[AndroidUiautomator2Driver@80c6 (bdacac19)]&amp#27;[0m Waiting up to 0 ms for condition
[debug] &amp#27;[38;5;32m[AndroidUiautomator2Driver@80c6 (bdacac19)]&amp#27;[0m Matched '/element' to command name 'findElement'
[debug] &amp#27;[38;5;32m[AndroidUiautomator2Driver@80c6 (bdacac19)]&amp#27;[0m Proxying [POST /element] to [POST http://127.0.0.1:8200/session/048c0777-bf46-4ebc-8742-73a1f7f816be/element] with body: {"strategy":"xpath","selector":"//android.widget.TextView[@content-desc=\"3. Preference dependencies\"]","context":"","multiple":false}
[debug] &amp#27;[38;5;32m[AndroidUiautomator2Driver@80c6 (bdacac19)]&amp#27;[0m Got response with status 200: {"sessionId":"048c0777-bf46-4ebc-8742-73a1f7f816be","value":{"ELEMENT":"00000000-0000-00d8-ffff-ffff00000021","element-6066-11e4-a52e-4f735466cecf":"00000000-0000-00d8-ffff-ffff00000021"}}
[debug] &amp#27;[38;5;32m[AndroidUiautomator2Driver@80c6 (bdacac19)]&amp#27;[0m Responding to client with driver.findElement() result: {"element-6066-11e4-a52e-4f735466cecf":"00000000-0000-00d8-ffff-ffff00000021","ELEMENT":"00000000-0000-00d8-ffff-ffff00000021"}
&amp#27;[38;5;0m[HTTP]&amp#27;[0m &amp#27;[37m<-- POST /session/bdacac19-a5b0-4156-ab43-5eb42dbf7517/element &amp#27;[39m&amp#27;[32m200&amp#27;[39m &amp#27;[90m4517 ms - 137&amp#27;[39m
&amp#27;[38;5;0m[HTTP]&amp#27;[0m &amp#27;[90m&amp#27;[39m
&amp#27;[38;5;0m[HTTP]&amp#27;[0m &amp#27;[37m-->&amp#27;[39m &amp#27;[37mPOST&amp#27;[39m &amp#27;[37m/session/bdacac19-a5b0-4156-ab43-5eb42dbf7517/element/00000000-0000-00d8-ffff-ffff00000021/click&amp#27;[39m
&amp#27;[38;5;0m[HTTP]&amp#27;[0m &amp#27;[90m{"id":"00000000-0000-00d8-ffff-ffff00000021"}&amp#27;[39m
[debug] &amp#27;[38;5;32m[AndroidUiautomator2Driver@80c6 (bdacac19)]&amp#27;[0m Calling AppiumDriver.click() with args: ["00000000-0000-00d8-ffff-ffff00000021","bdacac19-a5b0-4156-ab43-5eb42dbf7517"]
[debug] &amp#27;[38;5;32m[AndroidUiautomator2Driver@80c6 (bdacac19)]&amp#27;[0m Matched '/element/00000000-0000-00d8-ffff-ffff00000021/click' to command name 'click'
[debug] &amp#27;[38;5;32m[AndroidUiautomator2Driver@80c6 (bdacac19)]&amp#27;[0m Proxying [POST /element/00000000-0000-00d8-ffff-ffff00000021/click] to [POST http://127.0.0.1:8200/session/048c0777-bf46-4ebc-8742-73a1f7f816be/element/00000000-0000-00d8-ffff-ffff00000021/click] with body: {"element":"00000000-0000-00d8-ffff-ffff00000021"}
[debug] &amp#27;[38;5;32m[AndroidUiautomator2Driver@80c6 (bdacac19)]&amp#27;[0m Got response with status 200: {"sessionId":"048c0777-bf46-4ebc-8742-73a1f7f816be","value":null}
[debug] &amp#27;[38;5;32m[AndroidUiautomator2Driver@80c6 (bdacac19)]&amp#27;[0m Responding to client with driver.click() result: null
&amp#27;[38;5;0m[HTTP]&amp#27;[0m &amp#27;[37m<-- POST /session/bdacac19-a5b0-4156-ab43-5eb42dbf7517/element/00000000-0000-00d8-ffff-ffff00000021/click &amp#27;[39m&amp#27;[32m200&amp#27;[39m &amp#27;[90m1208 ms - 14&amp#27;[39m
&amp#27;[38;5;0m[HTTP]&amp#27;[0m &amp#27;[90m&amp#27;[39m
&amp#27;[38;5;0m[HTTP]&amp#27;[0m &amp#27;[37m-->&amp#27;[39m &amp#27;[37mGET&amp#27;[39m &amp#27;[37m/session/bdacac19-a5b0-4156-ab43-5eb42dbf7517/context&amp#27;[39m
&amp#27;[38;5;0m[HTTP]&amp#27;[0m &amp#27;[90m{}&amp#27;[39m
[debug] &amp#27;[38;5;32m[AndroidUiautomator2Driver@80c6 (bdacac19)]&amp#27;[0m Calling AppiumDriver.getCurrentContext() with args: ["bdacac19-a5b0-4156-ab43-5eb42dbf7517"]
[debug] &amp#27;[38;5;32m[AndroidUiautomator2Driver@80c6 (bdacac19)]&amp#27;[0m Responding to client with driver.getCurrentContext() result: "NATIVE_APP"
&amp#27;[38;5;0m[HTTP]&amp#27;[0m &amp#27;[37m<-- GET /session/bdacac19-a5b0-4156-ab43-5eb42dbf7517/context &amp#27;[39m&amp#27;[32m200&amp#27;[39m &amp#27;[90m3 ms - 22&amp#27;[39m
&amp#27;[38;5;0m[HTTP]&amp#27;[0m &amp#27;[90m&amp#27;[39m
&amp#27;[38;5;0m[HTTP]&amp#27;[0m &amp#27;[37m-->&amp#27;[39m &amp#27;[37mPOST&amp#27;[39m &amp#27;[37m/session/bdacac19-a5b0-4156-ab43-5eb42dbf7517/element&amp#27;[39m
&amp#27;[38;5;0m[HTTP]&amp#27;[0m &amp#27;[90m{"value":"android:id/checkbox","using":"id"}&amp#27;[39m
[debug] &amp#27;[38;5;32m[AndroidUiautomator2Driver@80c6 (bdacac19)]&amp#27;[0m Calling AppiumDriver.findElement() with args: ["id","android:id/checkbox","bdacac19-a5b0-4156-ab43-5eb42dbf7517"]
[debug] &amp#27;[38;5;32m[AndroidUiautomator2Driver@80c6 (bdacac19)]&amp#27;[0m Valid locator strategies for this request: xpath, id, class name, accessibility id, css selector, -android uiautomator
[debug] &amp#27;[38;5;32m[AndroidUiautomator2Driver@80c6 (bdacac19)]&amp#27;[0m Waiting up to 0 ms for condition
[debug] &amp#27;[38;5;32m[AndroidUiautomator2Driver@80c6 (bdacac19)]&amp#27;[0m Matched '/element' to command name 'findElement'
[debug] &amp#27;[38;5;32m[AndroidUiautomator2Driver@80c6 (bdacac19)]&amp#27;[0m Proxying [POST /element] to [POST http://127.0.0.1:8200/session/048c0777-bf46-4ebc-8742-73a1f7f816be/element] with body: {"strategy":"id","selector":"android:id/checkbox","context":"","multiple":false}
[debug] &amp#27;[38;5;32m[AndroidUiautomator2Driver@80c6 (bdacac19)]&amp#27;[0m Got response with status 200: {"sessionId":"048c0777-bf46-4ebc-8742-73a1f7f816be","value":{"ELEMENT":"00000000-0000-00d9-ffff-ffff00000044","element-6066-11e4-a52e-4f735466cecf":"00000000-0000-00d9-ffff-ffff00000044"}}
[debug] &amp#27;[38;5;32m[AndroidUiautomator2Driver@80c6 (bdacac19)]&amp#27;[0m Responding to client with driver.findElement() result: {"element-6066-11e4-a52e-4f735466cecf":"00000000-0000-00d9-ffff-ffff00000044","ELEMENT":"00000000-0000-00d9-ffff-ffff00000044"}
&amp#27;[38;5;0m[HTTP]&amp#27;[0m &amp#27;[37m<-- POST /session/bdacac19-a5b0-4156-ab43-5eb42dbf7517/element &amp#27;[39m&amp#27;[32m200&amp#27;[39m &amp#27;[90m106 ms - 137&amp#27;[39m
&amp#27;[38;5;0m[HTTP]&amp#27;[0m &amp#27;[90m&amp#27;[39m
&amp#27;[38;5;0m[HTTP]&amp#27;[0m &amp#27;[37m-->&amp#27;[39m &amp#27;[37mPOST&amp#27;[39m &amp#27;[37m/session/bdacac19-a5b0-4156-ab43-5eb42dbf7517/element/00000000-0000-00d9-ffff-ffff00000044/click&amp#27;[39m
&amp#27;[38;5;0m[HTTP]&amp#27;[0m &amp#27;[90m{"id":"00000000-0000-00d9-ffff-ffff00000044"}&amp#27;[39m
[debug] &amp#27;[38;5;32m[AndroidUiautomator2Driver@80c6 (bdacac19)]&amp#27;[0m Calling AppiumDriver.click() with args: ["00000000-0000-00d9-ffff-ffff00000044","bdacac19-a5b0-4156-ab43-5eb42dbf7517"]
[debug] &amp#27;[38;5;32m[AndroidUiautomator2Driver@80c6 (bdacac19)]&amp#27;[0m Matched '/element/00000000-0000-00d9-ffff-ffff00000044/click' to command name 'click'
[debug] &amp#27;[38;5;32m[AndroidUiautomator2Driver@80c6 (bdacac19)]&amp#27;[0m Proxying [POST /element/00000000-0000-00d9-ffff-ffff00000044/click] to [POST http://127.0.0.1:8200/session/048c0777-bf46-4ebc-8742-73a1f7f816be/element/00000000-0000-00d9-ffff-ffff00000044/click] with body: {"element":"00000000-0000-00d9-ffff-ffff00000044"}
[debug] &amp#27;[38;5;32m[AndroidUiautomator2Driver@80c6 (bdacac19)]&amp#27;[0m Got response with status 200: {"sessionId":"048c0777-bf46-4ebc-8742-73a1f7f816be","value":null}
[debug] &amp#27;[38;5;32m[AndroidUiautomator2Driver@80c6 (bdacac19)]&amp#27;[0m Responding to client with driver.click() result: null
&amp#27;[38;5;0m[HTTP]&amp#27;[0m &amp#27;[37m<-- POST /session/bdacac19-a5b0-4156-ab43-5eb42dbf7517/element/00000000-0000-00d9-ffff-ffff00000044/click &amp#27;[39m&amp#27;[32m200&amp#27;[39m &amp#27;[90m1135 ms - 14&amp#27;[39m
&amp#27;[38;5;0m[HTTP]&amp#27;[0m &amp#27;[90m&amp#27;[39m
&amp#27;[38;5;0m[HTTP]&amp#27;[0m &amp#27;[37m-->&amp#27;[39m &amp#27;[37mGET&amp#27;[39m &amp#27;[37m/session/bdacac19-a5b0-4156-ab43-5eb42dbf7517/context&amp#27;[39m
&amp#27;[38;5;0m[HTTP]&amp#27;[0m &amp#27;[90m{}&amp#27;[39m
[debug] &amp#27;[38;5;32m[AndroidUiautomator2Driver@80c6 (bdacac19)]&amp#27;[0m Calling AppiumDriver.getCurrentContext() with args: ["bdacac19-a5b0-4156-ab43-5eb42dbf7517"]
[debug] &amp#27;[38;5;32m[AndroidUiautomator2Driver@80c6 (bdacac19)]&amp#27;[0m Responding to client with driver.getCurrentContext() result: "NATIVE_APP"
&amp#27;[38;5;0m[HTTP]&amp#27;[0m &amp#27;[37m<-- GET /session/bdacac19-a5b0-4156-ab43-5eb42dbf7517/context &amp#27;[39m&amp#27;[32m200&amp#27;[39m &amp#27;[90m4 ms - 22&amp#27;[39m
&amp#27;[38;5;0m[HTTP]&amp#27;[0m &amp#27;[90m&amp#27;[39m
&amp#27;[38;5;0m[HTTP]&amp#27;[0m &amp#27;[37m-->&amp#27;[39m &amp#27;[37mPOST&amp#27;[39m &amp#27;[37m/session/bdacac19-a5b0-4156-ab43-5eb42dbf7517/element&amp#27;[39m
&amp#27;[38;5;0m[HTTP]&amp#27;[0m &amp#27;[90m{"value":"//android.widget.TextView[@resource-id='android:id/title' and @text='WiFi settings']","using":"xpath"}&amp#27;[39m
[debug] &amp#27;[38;5;32m[AndroidUiautomator2Driver@80c6 (bdacac19)]&amp#27;[0m Calling AppiumDriver.findElement() with args: ["xpath","//android.widget.TextView[@resource-id='android:id/title' and @text='WiFi settings']","bdacac19-a5b0-4156-ab43-5eb42dbf7517"]
[debug] &amp#27;[38;5;32m[AndroidUiautomator2Driver@80c6 (bdacac19)]&amp#27;[0m Valid locator strategies for this request: xpath, id, class name, accessibility id, css selector, -android uiautomator
[debug] &amp#27;[38;5;32m[AndroidUiautomator2Driver@80c6 (bdacac19)]&amp#27;[0m Waiting up to 0 ms for condition
[debug] &amp#27;[38;5;32m[AndroidUiautomator2Driver@80c6 (bdacac19)]&amp#27;[0m Matched '/element' to command name 'findElement'
[debug] &amp#27;[38;5;32m[AndroidUiautomator2Driver@80c6 (bdacac19)]&amp#27;[0m Proxying [POST /element] to [POST http://127.0.0.1:8200/session/048c0777-bf46-4ebc-8742-73a1f7f816be/element] with body: {"strategy":"xpath","selector":"//android.widget.TextView[@resource-id='android:id/title' and @text='WiFi settings']","context":"","multiple":false}
[debug] &amp#27;[38;5;32m[AndroidUiautomator2Driver@80c6 (bdacac19)]&amp#27;[0m Got response with status 200: {"sessionId":"048c0777-bf46-4ebc-8742-73a1f7f816be","value":{"ELEMENT":"00000000-0000-00d9-ffff-ffff00000049","element-6066-11e4-a52e-4f735466cecf":"00000000-0000-00d9-ffff-ffff00000049"}}
[debug] &amp#27;[38;5;32m[AndroidUiautomator2Driver@80c6 (bdacac19)]&amp#27;[0m Responding to client with driver.findElement() result: {"element-6066-11e4-a52e-4f735466cecf":"00000000-0000-00d9-ffff-ffff00000049","ELEMENT":"00000000-0000-00d9-ffff-ffff00000049"}
&amp#27;[38;5;0m[HTTP]&amp#27;[0m &amp#27;[37m<-- POST /session/bdacac19-a5b0-4156-ab43-5eb42dbf7517/element &amp#27;[39m&amp#27;[32m200&amp#27;[39m &amp#27;[90m295 ms - 137&amp#27;[39m
&amp#27;[38;5;0m[HTTP]&amp#27;[0m &amp#27;[90m&amp#27;[39m
&amp#27;[38;5;0m[HTTP]&amp#27;[0m &amp#27;[37m-->&amp#27;[39m &amp#27;[37mPOST&amp#27;[39m &amp#27;[37m/session/bdacac19-a5b0-4156-ab43-5eb42dbf7517/element/00000000-0000-00d9-ffff-ffff00000049/click&amp#27;[39m
&amp#27;[38;5;0m[HTTP]&amp#27;[0m &amp#27;[90m{"id":"00000000-0000-00d9-ffff-ffff00000049"}&amp#27;[39m
[debug] &amp#27;[38;5;32m[AndroidUiautomator2Driver@80c6 (bdacac19)]&amp#27;[0m Calling AppiumDriver.click() with args: ["00000000-0000-00d9-ffff-ffff00000049","bdacac19-a5b0-4156-ab43-5eb42dbf7517"]
[debug] &amp#27;[38;5;32m[AndroidUiautomator2Driver@80c6 (bdacac19)]&amp#27;[0m Matched '/element/00000000-0000-00d9-ffff-ffff00000049/click' to command name 'click'
[debug] &amp#27;[38;5;32m[AndroidUiautomator2Driver@80c6 (bdacac19)]&amp#27;[0m Proxying [POST /element/00000000-0000-00d9-ffff-ffff00000049/click] to [POST http://127.0.0.1:8200/session/048c0777-bf46-4ebc-8742-73a1f7f816be/element/00000000-0000-00d9-ffff-ffff00000049/click] with body: {"element":"00000000-0000-00d9-ffff-ffff00000049"}
[debug] &amp#27;[38;5;32m[AndroidUiautomator2Driver@80c6 (bdacac19)]&amp#27;[0m Got response with status 200: {"sessionId":"048c0777-bf46-4ebc-8742-73a1f7f816be","value":null}
[debug] &amp#27;[38;5;32m[AndroidUiautomator2Driver@80c6 (bdacac19)]&amp#27;[0m Responding to client with driver.click() result: null
&amp#27;[38;5;0m[HTTP]&amp#27;[0m &amp#27;[37m<-- POST /session/bdacac19-a5b0-4156-ab43-5eb42dbf7517/element/00000000-0000-00d9-ffff-ffff00000049/click &amp#27;[39m&amp#27;[32m200&amp#27;[39m &amp#27;[90m2186 ms - 14&amp#27;[39m
&amp#27;[38;5;0m[HTTP]&amp#27;[0m &amp#27;[90m&amp#27;[39m
&amp#27;[38;5;0m[HTTP]&amp#27;[0m &amp#27;[37m-->&amp#27;[39m &amp#27;[37mGET&amp#27;[39m &amp#27;[37m/session/bdacac19-a5b0-4156-ab43-5eb42dbf7517/context&amp#27;[39m
&amp#27;[38;5;0m[HTTP]&amp#27;[0m &amp#27;[90m{}&amp#27;[39m
[debug] &amp#27;[38;5;32m[AndroidUiautomator2Driver@80c6 (bdacac19)]&amp#27;[0m Calling AppiumDriver.getCurrentContext() with args: ["bdacac19-a5b0-4156-ab43-5eb42dbf7517"]
[debug] &amp#27;[38;5;32m[AndroidUiautomator2Driver@80c6 (bdacac19)]&amp#27;[0m Responding to client with driver.getCurrentContext() result: "NATIVE_APP"
&amp#27;[38;5;0m[HTTP]&amp#27;[0m &amp#27;[37m<-- GET /session/bdacac19-a5b0-4156-ab43-5eb42dbf7517/context &amp#27;[39m&amp#27;[32m200&amp#27;[39m &amp#27;[90m3 ms - 22&amp#27;[39m
&amp#27;[38;5;0m[HTTP]&amp#27;[0m &amp#27;[90m&amp#27;[39m
&amp#27;[38;5;0m[HTTP]&amp#27;[0m &amp#27;[37m-->&amp#27;[39m &amp#27;[37mPOST&amp#27;[39m &amp#27;[37m/session/bdacac19-a5b0-4156-ab43-5eb42dbf7517/element&amp#27;[39m
&amp#27;[38;5;0m[HTTP]&amp#27;[0m &amp#27;[90m{"value":"android:id/alertTitle","using":"id"}&amp#27;[39m
[debug] &amp#27;[38;5;32m[AndroidUiautomator2Driver@80c6 (bdacac19)]&amp#27;[0m Calling AppiumDriver.findElement() with args: ["id","android:id/alertTitle","bdacac19-a5b0-4156-ab43-5eb42dbf7517"]
[debug] &amp#27;[38;5;32m[AndroidUiautomator2Driver@80c6 (bdacac19)]&amp#27;[0m Valid locator strategies for this request: xpath, id, class name, accessibility id, css selector, -android uiautomator
[debug] &amp#27;[38;5;32m[AndroidUiautomator2Driver@80c6 (bdacac19)]&amp#27;[0m Waiting up to 0 ms for condition
[debug] &amp#27;[38;5;32m[AndroidUiautomator2Driver@80c6 (bdacac19)]&amp#27;[0m Matched '/element' to command name 'findElement'
[debug] &amp#27;[38;5;32m[AndroidUiautomator2Driver@80c6 (bdacac19)]&amp#27;[0m Proxying [POST /element] to [POST http://127.0.0.1:8200/session/048c0777-bf46-4ebc-8742-73a1f7f816be/element] with body: {"strategy":"id","selector":"android:id/alertTitle","context":"","multiple":false}
[debug] &amp#27;[38;5;32m[AndroidUiautomator2Driver@80c6 (bdacac19)]&amp#27;[0m Got response with status 200: {"sessionId":"048c0777-bf46-4ebc-8742-73a1f7f816be","value":{"ELEMENT":"00000000-0000-00da-ffff-ffff00000053","element-6066-11e4-a52e-4f735466cecf":"00000000-0000-00da-ffff-ffff00000053"}}
[debug] &amp#27;[38;5;32m[AndroidUiautomator2Driver@80c6 (bdacac19)]&amp#27;[0m Responding to client with driver.findElement() result: {"element-6066-11e4-a52e-4f735466cecf":"00000000-0000-00da-ffff-ffff00000053","ELEMENT":"00000000-0000-00da-ffff-ffff00000053"}
&amp#27;[38;5;0m[HTTP]&amp#27;[0m &amp#27;[37m<-- POST /session/bdacac19-a5b0-4156-ab43-5eb42dbf7517/element &amp#27;[39m&amp#27;[32m200&amp#27;[39m &amp#27;[90m362 ms - 137&amp#27;[39m
&amp#27;[38;5;0m[HTTP]&amp#27;[0m &amp#27;[90m&amp#27;[39m
&amp#27;[38;5;0m[HTTP]&amp#27;[0m &amp#27;[37m-->&amp#27;[39m &amp#27;[37mGET&amp#27;[39m &amp#27;[37m/session/bdacac19-a5b0-4156-ab43-5eb42dbf7517/element/00000000-0000-00da-ffff-ffff00000053/text&amp#27;[39m
&amp#27;[38;5;0m[HTTP]&amp#27;[0m &amp#27;[90m{}&amp#27;[39m
&amp#27;[38;5;32m[AndroidUiautomator2Driver@80c6 (bdacac19)]&amp#27;[0m Driver proxy active, passing request on via HTTP proxy
[debug] &amp#27;[38;5;32m[AndroidUiautomator2Driver@80c6 (bdacac19)]&amp#27;[0m Matched '/session/bdacac19-a5b0-4156-ab43-5eb42dbf7517/element/00000000-0000-00da-ffff-ffff00000053/text' to command name 'getText'
[debug] &amp#27;[38;5;32m[AndroidUiautomator2Driver@80c6 (bdacac19)]&amp#27;[0m Proxying [GET /session/bdacac19-a5b0-4156-ab43-5eb42dbf7517/element/00000000-0000-00da-ffff-ffff00000053/text] to [GET http://127.0.0.1:8200/session/048c0777-bf46-4ebc-8742-73a1f7f816be/element/00000000-0000-00da-ffff-ffff00000053/text] with no body
[debug] &amp#27;[38;5;32m[AndroidUiautomator2Driver@80c6 (bdacac19)]&amp#27;[0m Got response with status 200: {"sessionId":"048c0777-bf46-4ebc-8742-73a1f7f816be","value":"WiFi settings"}
&amp#27;[38;5;32m[AndroidUiautomator2Driver@80c6 (bdacac19)]&amp#27;[0m Replacing sessionId 048c0777-bf46-4ebc-8742-73a1f7f816be with bdacac19-a5b0-4156-ab43-5eb42dbf7517
&amp#27;[38;5;0m[HTTP]&amp#27;[0m &amp#27;[37m<-- GET /session/bdacac19-a5b0-4156-ab43-5eb42dbf7517/element/00000000-0000-00da-ffff-ffff00000053/text &amp#27;[39m&amp#27;[32m200&amp#27;[39m &amp#27;[90m1203 ms - 76&amp#27;[39m
&amp#27;[38;5;0m[HTTP]&amp#27;[0m &amp#27;[90m&amp#27;[39m
&amp#27;[38;5;0m[HTTP]&amp#27;[0m &amp#27;[37m-->&amp#27;[39m &amp#27;[37mGET&amp#27;[39m &amp#27;[37m/session/bdacac19-a5b0-4156-ab43-5eb42dbf7517/context&amp#27;[39m
&amp#27;[38;5;0m[HTTP]&amp#27;[0m &amp#27;[90m{}&amp#27;[39m
[debug] &amp#27;[38;5;32m[AndroidUiautomator2Driver@80c6 (bdacac19)]&amp#27;[0m Calling AppiumDriver.getCurrentContext() with args: ["bdacac19-a5b0-4156-ab43-5eb42dbf7517"]
[debug] &amp#27;[38;5;32m[AndroidUiautomator2Driver@80c6 (bdacac19)]&amp#27;[0m Responding to client with driver.getCurrentContext() result: "NATIVE_APP"
&amp#27;[38;5;0m[HTTP]&amp#27;[0m &amp#27;[37m<-- GET /session/bdacac19-a5b0-4156-ab43-5eb42dbf7517/context &amp#27;[39m&amp#27;[32m200&amp#27;[39m &amp#27;[90m3 ms - 22&amp#27;[39m
&amp#27;[38;5;0m[HTTP]&amp#27;[0m &amp#27;[90m&amp#27;[39m
&amp#27;[38;5;0m[HTTP]&amp#27;[0m &amp#27;[37m-->&amp#27;[39m &amp#27;[37mPOST&amp#27;[39m &amp#27;[37m/session/bdacac19-a5b0-4156-ab43-5eb42dbf7517/element&amp#27;[39m
&amp#27;[38;5;0m[HTTP]&amp#27;[0m &amp#27;[90m{"value":"//android.widget.EditText[@resource-id='android:id/edit']","using":"xpath"}&amp#27;[39m
[debug] &amp#27;[38;5;32m[AndroidUiautomator2Driver@80c6 (bdacac19)]&amp#27;[0m Calling AppiumDriver.findElement() with args: ["xpath","//android.widget.EditText[@resource-id='android:id/edit']","bdacac19-a5b0-4156-ab43-5eb42dbf7517"]
[debug] &amp#27;[38;5;32m[AndroidUiautomator2Driver@80c6 (bdacac19)]&amp#27;[0m Valid locator strategies for this request: xpath, id, class name, accessibility id, css selector, -android uiautomator
[debug] &amp#27;[38;5;32m[AndroidUiautomator2Driver@80c6 (bdacac19)]&amp#27;[0m Waiting up to 0 ms for condition
[debug] &amp#27;[38;5;32m[AndroidUiautomator2Driver@80c6 (bdacac19)]&amp#27;[0m Matched '/element' to command name 'findElement'
[debug] &amp#27;[38;5;32m[AndroidUiautomator2Driver@80c6 (bdacac19)]&amp#27;[0m Proxying [POST /element] to [POST http://127.0.0.1:8200/session/048c0777-bf46-4ebc-8742-73a1f7f816be/element] with body: {"strategy":"xpath","selector":"//android.widget.EditText[@resource-id='android:id/edit']","context":"","multiple":false}
[debug] &amp#27;[38;5;32m[AndroidUiautomator2Driver@80c6 (bdacac19)]&amp#27;[0m Got response with status 200: {"sessionId":"048c0777-bf46-4ebc-8742-73a1f7f816be","value":{"ELEMENT":"00000000-0000-00da-ffff-ffff0000004c","element-6066-11e4-a52e-4f735466cecf":"00000000-0000-00da-ffff-ffff0000004c"}}
[debug] &amp#27;[38;5;32m[AndroidUiautomator2Driver@80c6 (bdacac19)]&amp#27;[0m Responding to client with driver.findElement() result: {"element-6066-11e4-a52e-4f735466cecf":"00000000-0000-00da-ffff-ffff0000004c","ELEMENT":"00000000-0000-00da-ffff-ffff0000004c"}
&amp#27;[38;5;0m[HTTP]&amp#27;[0m &amp#27;[37m<-- POST /session/bdacac19-a5b0-4156-ab43-5eb42dbf7517/element &amp#27;[39m&amp#27;[32m200&amp#27;[39m &amp#27;[90m566 ms - 137&amp#27;[39m
&amp#27;[38;5;0m[HTTP]&amp#27;[0m &amp#27;[90m&amp#27;[39m
&amp#27;[38;5;0m[HTTP]&amp#27;[0m &amp#27;[37m-->&amp#27;[39m &amp#27;[37mPOST&amp#27;[39m &amp#27;[37m/session/bdacac19-a5b0-4156-ab43-5eb42dbf7517/element/00000000-0000-00da-ffff-ffff0000004c/value&amp#27;[39m
&amp#27;[38;5;0m[HTTP]&amp#27;[0m &amp#27;[90m{"text":"RoshanMorkhade","value":["R","o","s","h","a","n","M","o","r","k","h","a","d","e"],"id":"00000000-0000-00da-ffff-ffff0000004c"}&amp#27;[39m
[debug] &amp#27;[38;5;32m[AndroidUiautomator2Driver@80c6 (bdacac19)]&amp#27;[0m Calling AppiumDriver.setValue() with args: [["R","o","s","h","a","n","M","o","r","k","h","a","d","e"],"00000000-0000-00da-ffff-ffff0000004c","bdacac19-a5b0-4156-ab43-5eb42dbf7517"]
[debug] &amp#27;[38;5;32m[AndroidUiautomator2Driver@80c6 (bdacac19)]&amp#27;[0m Matched '/element/00000000-0000-00da-ffff-ffff0000004c/value' to command name 'setValue'
[debug] &amp#27;[38;5;32m[AndroidUiautomator2Driver@80c6 (bdacac19)]&amp#27;[0m Added 'value' property ["R","o","s","h","a","n","M","o","r","k","h","a","d","e"] to 'setValue' request body
[debug] &amp#27;[38;5;32m[AndroidUiautomator2Driver@80c6 (bdacac19)]&amp#27;[0m Proxying [POST /element/00000000-0000-00da-ffff-ffff0000004c/value] to [POST http://127.0.0.1:8200/session/048c0777-bf46-4ebc-8742-73a1f7f816be/element/00000000-0000-00da-ffff-ffff0000004c/value] with body: {"elementId":"00000000-0000-00da-ffff-ffff0000004c","text":"RoshanMorkhade","replace":false,"value":["R","o","s","h","a","n","M","o","r","k","h","a","d","e"]}
[debug] &amp#27;[38;5;32m[AndroidUiautomator2Driver@80c6 (bdacac19)]&amp#27;[0m Got response with status 200: {"sessionId":"048c0777-bf46-4ebc-8742-73a1f7f816be","value":null}
[debug] &amp#27;[38;5;32m[AndroidUiautomator2Driver@80c6 (bdacac19)]&amp#27;[0m Responding to client with driver.setValue() result: null
&amp#27;[38;5;0m[HTTP]&amp#27;[0m &amp#27;[37m<-- POST /session/bdacac19-a5b0-4156-ab43-5eb42dbf7517/element/00000000-0000-00da-ffff-ffff0000004c/value &amp#27;[39m&amp#27;[32m200&amp#27;[39m &amp#27;[90m265 ms - 14&amp#27;[39m
&amp#27;[38;5;0m[HTTP]&amp#27;[0m &amp#27;[90m&amp#27;[39m
&amp#27;[38;5;0m[HTTP]&amp#27;[0m &amp#27;[37m-->&amp#27;[39m &amp#27;[37mGET&amp#27;[39m &amp#27;[37m/session/bdacac19-a5b0-4156-ab43-5eb42dbf7517/context&amp#27;[39m
&amp#27;[38;5;0m[HTTP]&amp#27;[0m &amp#27;[90m{}&amp#27;[39m
[debug] &amp#27;[38;5;32m[AndroidUiautomator2Driver@80c6 (bdacac19)]&amp#27;[0m Calling AppiumDriver.getCurrentContext() with args: ["bdacac19-a5b0-4156-ab43-5eb42dbf7517"]
[debug] &amp#27;[38;5;32m[AndroidUiautomator2Driver@80c6 (bdacac19)]&amp#27;[0m Responding to client with driver.getCurrentContext() result: "NATIVE_APP"
&amp#27;[38;5;0m[HTTP]&amp#27;[0m &amp#27;[37m<-- GET /session/bdacac19-a5b0-4156-ab43-5eb42dbf7517/context &amp#27;[39m&amp#27;[32m200&amp#27;[39m &amp#27;[90m3 ms - 22&amp#27;[39m
&amp#27;[38;5;0m[HTTP]&amp#27;[0m &amp#27;[90m&amp#27;[39m
&amp#27;[38;5;0m[HTTP]&amp#27;[0m &amp#27;[37m-->&amp#27;[39m &amp#27;[37mPOST&amp#27;[39m &amp#27;[37m/session/bdacac19-a5b0-4156-ab43-5eb42dbf7517/elements&amp#27;[39m
&amp#27;[38;5;0m[HTTP]&amp#27;[0m &amp#27;[90m{"value":"android.widget.Button","using":"class name"}&amp#27;[39m
[debug] &amp#27;[38;5;32m[AndroidUiautomator2Driver@80c6 (bdacac19)]&amp#27;[0m Calling AppiumDriver.findElements() with args: ["class name","android.widget.Button","bdacac19-a5b0-4156-ab43-5eb42dbf7517"]
[debug] &amp#27;[38;5;32m[AndroidUiautomator2Driver@80c6 (bdacac19)]&amp#27;[0m Valid locator strategies for this request: xpath, id, class name, accessibility id, css selector, -android uiautomator
[debug] &amp#27;[38;5;32m[AndroidUiautomator2Driver@80c6 (bdacac19)]&amp#27;[0m Waiting up to 0 ms for condition
[debug] &amp#27;[38;5;32m[AndroidUiautomator2Driver@80c6 (bdacac19)]&amp#27;[0m Matched '/elements' to command name 'findElements'
[debug] &amp#27;[38;5;32m[AndroidUiautomator2Driver@80c6 (bdacac19)]&amp#27;[0m Proxying [POST /elements] to [POST http://127.0.0.1:8200/session/048c0777-bf46-4ebc-8742-73a1f7f816be/elements] with body: {"strategy":"class name","selector":"android.widget.Button","context":"","multiple":true}
[debug] &amp#27;[38;5;32m[AndroidUiautomator2Driver@80c6 (bdacac19)]&amp#27;[0m Got response with status 200: {"sessionId":"048c0777-bf46-4ebc-8742-73a1f7f816be","value":[{"ELEMENT":"00000000-0000-00da-ffff-ffff00000064","element-6066-11e4-a52e-4f735466cecf":"00000000-0000-00da-ffff-ffff00000064"},{"ELEMENT":"00000000-0000-00da-ffff-ffff00000065","element-6066-11e4-a52e-4f735466cecf":"00000000-0000-00da-ffff-ffff00000065"}]}
[debug] &amp#27;[38;5;32m[AndroidUiautomator2Driver@80c6 (bdacac19)]&amp#27;[0m Responding to client with driver.findElements() result: [{"element-6066-11e4-a52e-4f735466cecf":"00000000-0000-00da-ffff-ffff00000064","ELEMENT":"00000000-0000-00da-ffff-ffff00000064"},{"element-6066-11e4-a52e-4f735466cecf":"00000000-0000-00da-ffff-ffff00000065","ELEMENT":"00000000-0000-00da-ffff-ffff00000065"}]
&amp#27;[38;5;0m[HTTP]&amp#27;[0m &amp#27;[37m<-- POST /session/bdacac19-a5b0-4156-ab43-5eb42dbf7517/elements &amp#27;[39m&amp#27;[32m200&amp#27;[39m &amp#27;[90m1088 ms - 267&amp#27;[39m
&amp#27;[38;5;0m[HTTP]&amp#27;[0m &amp#27;[90m&amp#27;[39m
&amp#27;[38;5;0m[HTTP]&amp#27;[0m &amp#27;[37m-->&amp#27;[39m &amp#27;[37mPOST&amp#27;[39m &amp#27;[37m/session/bdacac19-a5b0-4156-ab43-5eb42dbf7517/element/00000000-0000-00da-ffff-ffff00000065/click&amp#27;[39m
&amp#27;[38;5;0m[HTTP]&amp#27;[0m &amp#27;[90m{"id":"00000000-0000-00da-ffff-ffff00000065"}&amp#27;[39m
[debug] &amp#27;[38;5;32m[AndroidUiautomator2Driver@80c6 (bdacac19)]&amp#27;[0m Calling AppiumDriver.click() with args: ["00000000-0000-00da-ffff-ffff00000065","bdacac19-a5b0-4156-ab43-5eb42dbf7517"]
[debug] &amp#27;[38;5;32m[AndroidUiautomator2Driver@80c6 (bdacac19)]&amp#27;[0m Matched '/element/00000000-0000-00da-ffff-ffff00000065/click' to command name 'click'
[debug] &amp#27;[38;5;32m[AndroidUiautomator2Driver@80c6 (bdacac19)]&amp#27;[0m Proxying [POST /element/00000000-0000-00da-ffff-ffff00000065/click] to [POST http://127.0.0.1:8200/session/048c0777-bf46-4ebc-8742-73a1f7f816be/element/00000000-0000-00da-ffff-ffff00000065/click] with body: {"element":"00000000-0000-00da-ffff-ffff00000065"}
[debug] &amp#27;[38;5;32m[AndroidUiautomator2Driver@80c6 (bdacac19)]&amp#27;[0m Got response with status 200: {"sessionId":"048c0777-bf46-4ebc-8742-73a1f7f816be","value":null}
[debug] &amp#27;[38;5;32m[AndroidUiautomator2Driver@80c6 (bdacac19)]&amp#27;[0m Responding to client with driver.click() result: null
&amp#27;[38;5;0m[HTTP]&amp#27;[0m &amp#27;[37m<-- POST /session/bdacac19-a5b0-4156-ab43-5eb42dbf7517/element/00000000-0000-00da-ffff-ffff00000065/click &amp#27;[39m&amp#27;[32m200&amp#27;[39m &amp#27;[90m155 ms - 14&amp#27;[39m
&amp#27;[38;5;0m[HTTP]&amp#27;[0m &amp#27;[90m&amp#27;[39m
]]></system-out>
    <system-err><![CDATA[SLF4J: Failed to load class "org.slf4j.impl.StaticLoggerBinder".
SLF4J: Defaulting to no-operation (NOP) logger implementation
SLF4J: See http://www.slf4j.org/codes.html#StaticLoggerBinder for further details.
]]></system-err>
  </testcase>
  <testcase name="verifyLongPressTest" classname="DnT.Appium_Poc.verifyUserScrollingAction" time="16.161">
    <system-out><![CDATA[&amp#27;[38;5;0m[HTTP]&amp#27;[0m &amp#27;[37m-->&amp#27;[39m &amp#27;[37mDELETE&amp#27;[39m &amp#27;[37m/session/bdacac19-a5b0-4156-ab43-5eb42dbf7517&amp#27;[39m
&amp#27;[38;5;0m[HTTP]&amp#27;[0m &amp#27;[90m{}&amp#27;[39m
[debug] &amp#27;[38;5;32m[AndroidUiautomator2Driver@80c6 (bdacac19)]&amp#27;[0m Calling AppiumDriver.deleteSession() with args: ["bdacac19-a5b0-4156-ab43-5eb42dbf7517"]
[debug] &amp#27;[38;5;16m[AppiumDriver@9b77]&amp#27;[0m Event 'quitSessionRequested' logged at 1710758886630 (16:18:06 GMT+0530 (India Standard Time))
&amp#27;[38;5;16m[AppiumDriver@9b77]&amp#27;[0m Removing session bdacac19-a5b0-4156-ab43-5eb42dbf7517 from our master session list
[debug] &amp#27;[38;5;32m[AndroidUiautomator2Driver@80c6 (bdacac19)]&amp#27;[0m Deleting UiAutomator2 session
[debug] &amp#27;[38;5;32m[AndroidUiautomator2Driver@80c6 (bdacac19)]&amp#27;[0m Deleting UiAutomator2 server session
[debug] &amp#27;[38;5;32m[AndroidUiautomator2Driver@80c6 (bdacac19)]&amp#27;[0m Matched '/' to command name 'deleteSession'
[debug] &amp#27;[38;5;32m[AndroidUiautomator2Driver@80c6 (bdacac19)]&amp#27;[0m Proxying [DELETE /] to [DELETE http://127.0.0.1:8200/session/048c0777-bf46-4ebc-8742-73a1f7f816be] with no body
[debug] &amp#27;[38;5;32m[AndroidUiautomator2Driver@80c6 (bdacac19)]&amp#27;[0m Got response with status 200: {"sessionId":"048c0777-bf46-4ebc-8742-73a1f7f816be","value":null}
[debug] &amp#27;[38;5;48m[ADB]&amp#27;[0m Running 'C:\Users\hp\AppData\Local\Android\Sdk\platform-tools\adb.exe -P 5037 -s emulator-5554 shell dumpsys activity services io.appium.settings/.recorder.RecorderService'
[debug] &amp#27;[38;5;48m[ADB]&amp#27;[0m Running 'C:\Users\hp\AppData\Local\Android\Sdk\platform-tools\adb.exe -P 5037 -s emulator-5554 shell am force-stop io.appium.android.apis'
[debug] &amp#27;[38;5;96m[Instrumentation]&amp#27;[0m .
[debug] &amp#27;[38;5;80m[Logcat]&amp#27;[0m Stopping logcat capture
[debug] &amp#27;[38;5;48m[ADB]&amp#27;[0m Removing forwarded port socket connection: 8200 
[debug] &amp#27;[38;5;48m[ADB]&amp#27;[0m Running 'C:\Users\hp\AppData\Local\Android\Sdk\platform-tools\adb.exe -P 5037 -s emulator-5554 forward --remove tcp:8200'
&amp#27;[38;5;32m[AndroidUiautomator2Driver@80c6 (bdacac19)]&amp#27;[0m Restoring hidden api policy to the device default configuration
[debug] &amp#27;[38;5;48m[ADB]&amp#27;[0m Running 'C:\Users\hp\AppData\Local\Android\Sdk\platform-tools\adb.exe -P 5037 -s emulator-5554 shell 'settings delete global hidden_api_policy_pre_p_apps;settings delete global hidden_api_policy_p_apps;settings delete global hidden_api_policy''
[debug] &amp#27;[38;5;96m[Instrumentation]&amp#27;[0m Time: 32.479
[debug] &amp#27;[38;5;96m[Instrumentation]&amp#27;[0m 
[debug] &amp#27;[38;5;96m[Instrumentation]&amp#27;[0m OK (1 test)
[debug] &amp#27;[38;5;96m[Instrumentation]&amp#27;[0m The process has exited with code 0
[debug] &amp#27;[38;5;16m[AppiumDriver@9b77]&amp#27;[0m Event 'quitSessionFinished' logged at 1710758888339 (16:18:08 GMT+0530 (India Standard Time))
[debug] &amp#27;[38;5;16m[AppiumDriver@9b77]&amp#27;[0m Received response: null
[debug] &amp#27;[38;5;16m[AppiumDriver@9b77]&amp#27;[0m But deleting session, so not returning
[debug] &amp#27;[38;5;16m[AppiumDriver@9b77]&amp#27;[0m Responding to client with driver.deleteSession() result: null
&amp#27;[38;5;0m[HTTP]&amp#27;[0m &amp#27;[37m<-- DELETE /session/bdacac19-a5b0-4156-ab43-5eb42dbf7517 &amp#27;[39m&amp#27;[32m200&amp#27;[39m &amp#27;[90m1712 ms - 14&amp#27;[39m
&amp#27;[38;5;0m[HTTP]&amp#27;[0m &amp#27;[90m&amp#27;[39m
WARN Appium Appium encountered 1 warning while validating drivers found in manifest C:\Users\hp\.appium\node_modules\.cache\appium\extensions.yaml
WARN Appium Driver "uiautomator2" has 1 potential problem: 
WARN Appium   - Driver "uiautomator2" (package `appium-uiautomator2-driver`) may be incompatible with the current version of Appium (v2.0.1) due to its peer dependency on older Appium v^2.4.1. Please upgrade `appium-uiautomator2-driver` to v3.0.2 or newer.
&amp#27;[35m[Appium]&amp#27;[39m Welcome to Appium v2.0.1
&amp#27;[35m[Appium]&amp#27;[39m Non-default server args:
&amp#27;[35m[Appium]&amp#27;[39m { address: &amp#27;[32m'127.0.0.1'&amp#27;[39m }
&amp#27;[35m[Appium]&amp#27;[39m Attempting to load driver uiautomator2...
[debug] &amp#27;[35m[Appium]&amp#27;[39m Requiring driver at C:\Users\hp\.appium\node_modules\appium-uiautomator2-driver
&amp#27;[35m[Appium]&amp#27;[39m Appium REST http interface listener started on http://127.0.0.1:4723
&amp#27;[35m[Appium]&amp#27;[39m Available drivers:
&amp#27;[35m[Appium]&amp#27;[39m   - uiautomator2@3.0.0 (automationName 'UiAutomator2')
&amp#27;[35m[Appium]&amp#27;[39m No plugins have been installed. Use the "appium plugin" command to install the one(s) you want to use.
&amp#27;[38;5;0m[HTTP]&amp#27;[0m &amp#27;[37m-->&amp#27;[39m &amp#27;[37mGET&amp#27;[39m &amp#27;[37m/status&amp#27;[39m
&amp#27;[38;5;0m[HTTP]&amp#27;[0m &amp#27;[90m{}&amp#27;[39m
[debug] &amp#27;[38;5;16m[AppiumDriver@a947]&amp#27;[0m Calling AppiumDriver.getStatus() with args: []
[debug] &amp#27;[38;5;16m[AppiumDriver@a947]&amp#27;[0m Responding to client with driver.getStatus() result: {"build":{"version":"2.0.1"}}
&amp#27;[38;5;0m[HTTP]&amp#27;[0m &amp#27;[37m<-- GET /status &amp#27;[39m&amp#27;[32m200&amp#27;[39m &amp#27;[90m12 ms - 39&amp#27;[39m
&amp#27;[38;5;0m[HTTP]&amp#27;[0m &amp#27;[90m&amp#27;[39m
[debug] &amp#27;[38;5;0m[HTTP]&amp#27;[0m Request idempotency key: 04cb4bbe-0764-46ae-a69a-f99ef45c3f51
&amp#27;[38;5;0m[HTTP]&amp#27;[0m &amp#27;[37m-->&amp#27;[39m &amp#27;[37mPOST&amp#27;[39m &amp#27;[37m/session&amp#27;[39m
&amp#27;[38;5;0m[HTTP]&amp#27;[0m &amp#27;[90m{"capabilities":{"firstMatch":[{}],"alwaysMatch":{"appium:automationName":"UIAutomator2","appium:deviceName":"Roshan","appium:app":"C:\\Users\\hp\\eclipse-workspace\\Appium_Poc\\src\\test\\java\\resources\\APKFiles\\resources\\ApiDemos-debug.apk","platformName":"ANDROID"}}}&amp#27;[39m
[debug] &amp#27;[38;5;16m[AppiumDriver@a947]&amp#27;[0m Calling AppiumDriver.createSession() with args: [null,null,{"firstMatch":[{}],"alwaysMatch":{"appium:automationName":"UIAutomator2","appium:deviceName":"Roshan","appium:app":"C:\\Users\\hp\\eclipse-workspace\\Appium_Poc\\src\\test\\java\\resources\\APKFiles\\resources\\ApiDemos-debug.apk","platformName":"ANDROID"}}]
[debug] &amp#27;[38;5;16m[AppiumDriver@a947]&amp#27;[0m Event 'newSessionRequested' logged at 1710758904113 (16:18:24 GMT+0530 (India Standard Time))
&amp#27;[35m[Appium]&amp#27;[39m Attempting to find matching driver for automationName 'UIAutomator2' and platformName 'ANDROID'
&amp#27;[35m[Appium]&amp#27;[39m The 'uiautomator2' driver was installed and matched caps.
&amp#27;[35m[Appium]&amp#27;[39m Will require it at C:\Users\hp\.appium\node_modules\appium-uiautomator2-driver
[debug] &amp#27;[35m[Appium]&amp#27;[39m Requiring driver at C:\Users\hp\.appium\node_modules\appium-uiautomator2-driver
&amp#27;[38;5;16m[AppiumDriver@a947]&amp#27;[0m Appium v2.0.1 creating new AndroidUiautomator2Driver (v3.0.0) session
&amp#27;[38;5;16m[AppiumDriver@a947]&amp#27;[0m Checking BaseDriver versions for Appium and AndroidUiautomator2Driver
&amp#27;[38;5;16m[AppiumDriver@a947]&amp#27;[0m Appium's BaseDriver version is 9.5.2
&amp#27;[38;5;16m[AppiumDriver@a947]&amp#27;[0m AndroidUiautomator2Driver's BaseDriver version is 9.5.2
[debug] &amp#27;[38;5;32m[AndroidUiautomator2Driver@4151]&amp#27;[0m Creating session with W3C capabilities: {
[debug] &amp#27;[38;5;32m[AndroidUiautomator2Driver@4151]&amp#27;[0m   "alwaysMatch": {
[debug] &amp#27;[38;5;32m[AndroidUiautomator2Driver@4151]&amp#27;[0m     "platformName": "ANDROID",
[debug] &amp#27;[38;5;32m[AndroidUiautomator2Driver@4151]&amp#27;[0m     "appium:automationName": "UIAutomator2",
[debug] &amp#27;[38;5;32m[AndroidUiautomator2Driver@4151]&amp#27;[0m     "appium:deviceName": "Roshan",
[debug] &amp#27;[38;5;32m[AndroidUiautomator2Driver@4151]&amp#27;[0m     "appium:app": "C:\\Users\\hp\\eclipse-workspace\\Appium_Poc\\src\\test\\java\\resources\\APKFiles\\resources\\ApiDemos-debug.apk"
[debug] &amp#27;[38;5;32m[AndroidUiautomator2Driver@4151]&amp#27;[0m   },
[debug] &amp#27;[38;5;32m[AndroidUiautomator2Driver@4151]&amp#27;[0m   "firstMatch": [
[debug] &amp#27;[38;5;32m[AndroidUiautomator2Driver@4151]&amp#27;[0m     {}
[debug] &amp#27;[38;5;32m[AndroidUiautomator2Driver@4151]&amp#27;[0m   ]
[debug] &amp#27;[38;5;32m[AndroidUiautomator2Driver@4151]&amp#27;[0m }
&amp#27;[38;5;32m[AndroidUiautomator2Driver@4151 (0bfa70db)]&amp#27;[0m Session created with session id: 0bfa70db-1f5a-4839-b9dd-1892c74efd4a
&amp#27;[38;5;48m[ADB]&amp#27;[0m Found 1 'build-tools' folders under 'C:\Users\hp\AppData\Local\Android\Sdk' (newest first):
&amp#27;[38;5;48m[ADB]&amp#27;[0m     C:\Users\hp\AppData\Local\Android\Sdk\build-tools\34.0.0
&amp#27;[38;5;48m[ADB]&amp#27;[0m Using 'adb.exe' from 'C:\Users\hp\AppData\Local\Android\Sdk\platform-tools\adb.exe'
[debug] &amp#27;[38;5;48m[ADB]&amp#27;[0m Running 'C:\Users\hp\AppData\Local\Android\Sdk\platform-tools\adb.exe -P 5037 start-server'
&amp#27;[38;5;32m[AndroidUiautomator2Driver@4151 (0bfa70db)]&amp#27;[0m Retrieving device list
[debug] &amp#27;[38;5;48m[ADB]&amp#27;[0m Trying to find connected Android devices
[debug] &amp#27;[38;5;48m[ADB]&amp#27;[0m Getting connected devices
[debug] &amp#27;[38;5;48m[ADB]&amp#27;[0m Connected devices: [{"udid":"emulator-5554","state":"device"}]
&amp#27;[38;5;32m[AndroidUiautomator2Driver@4151 (0bfa70db)]&amp#27;[0m Using device: emulator-5554
&amp#27;[38;5;48m[ADB]&amp#27;[0m Using 'adb.exe' from 'C:\Users\hp\AppData\Local\Android\Sdk\platform-tools\adb.exe'
[debug] &amp#27;[38;5;48m[ADB]&amp#27;[0m Running 'C:\Users\hp\AppData\Local\Android\Sdk\platform-tools\adb.exe -P 5037 start-server'
[debug] &amp#27;[38;5;48m[ADB]&amp#27;[0m Setting device id to emulator-5554
&amp#27;[38;5;64m[BaseDriver]&amp#27;[0m Using local app 'C:\Users\hp\eclipse-workspace\Appium_Poc\src\test\java\resources\APKFiles\resources\ApiDemos-debug.apk'
[debug] &amp#27;[38;5;32m[AndroidUiautomator2Driver@4151 (0bfa70db)]&amp#27;[0m Checking whether app is actually present
[debug] &amp#27;[38;5;48m[ADB]&amp#27;[0m Running 'C:\Users\hp\AppData\Local\Android\Sdk\platform-tools\adb.exe -P 5037 -s emulator-5554 shell getprop ro.build.version.sdk'
[debug] &amp#27;[38;5;48m[ADB]&amp#27;[0m Current device property 'ro.build.version.sdk': 34
&amp#27;[38;5;48m[ADB]&amp#27;[0m Getting device platform version
[debug] &amp#27;[38;5;48m[ADB]&amp#27;[0m Running 'C:\Users\hp\AppData\Local\Android\Sdk\platform-tools\adb.exe -P 5037 -s emulator-5554 shell getprop ro.build.version.release'
[debug] &amp#27;[38;5;48m[ADB]&amp#27;[0m Current device property 'ro.build.version.release': 14
[debug] &amp#27;[38;5;48m[ADB]&amp#27;[0m Device API level: 34
&amp#27;[38;5;32m[AndroidUiautomator2Driver@4151 (0bfa70db)]&amp#27;[0m Relaxing hidden api policy
[debug] &amp#27;[38;5;48m[ADB]&amp#27;[0m Running 'C:\Users\hp\AppData\Local\Android\Sdk\platform-tools\adb.exe -P 5037 -s emulator-5554 shell 'settings put global hidden_api_policy_pre_p_apps 1;settings put global hidden_api_policy_p_apps 1;settings put global hidden_api_policy 1''
[debug] &amp#27;[38;5;32m[AndroidUiautomator2Driver@4151 (0bfa70db)]&amp#27;[0m Parsing package and activity from app manifest
[debug] &amp#27;[38;5;48m[ADB]&amp#27;[0m Running 'C:\Users\hp\AppData\Local\Android\Sdk\platform-tools\adb.exe -P 5037 -s emulator-5554 wait-for-device'
&amp#27;[38;5;48m[ADB]&amp#27;[0m Package name: 'io.appium.android.apis'
&amp#27;[38;5;48m[ADB]&amp#27;[0m Main activity name: 'io.appium.android.apis.ApiDemos'
[debug] &amp#27;[38;5;32m[AndroidUiautomator2Driver@4151 (0bfa70db)]&amp#27;[0m Parsed package and activity are: io.appium.android.apis/io.appium.android.apis.ApiDemos
[debug] &amp#27;[38;5;48m[ADB]&amp#27;[0m Running 'C:\Users\hp\AppData\Local\Android\Sdk\platform-tools\adb.exe -P 5037 -s emulator-5554 shell echo ping'
[debug] &amp#27;[38;5;32m[AndroidUiautomator2Driver@4151 (0bfa70db)]&amp#27;[0m Pushing settings apk to the device...
[debug] &amp#27;[38;5;48m[ADB]&amp#27;[0m Getting package info for 'io.appium.settings'
[debug] &amp#27;[38;5;48m[ADB]&amp#27;[0m Running 'C:\Users\hp\AppData\Local\Android\Sdk\platform-tools\adb.exe -P 5037 -s emulator-5554 shell dumpsys package io.appium.settings'
[debug] &amp#27;[38;5;48m[ADB]&amp#27;[0m The version name of the installed 'io.appium.settings' is greater or equal to the application version name ('5.7.5' >= '5.7.5')
[debug] &amp#27;[38;5;48m[ADB]&amp#27;[0m There is no need to install/upgrade 'C:\Users\hp\.appium\node_modules\appium-uiautomator2-driver\node_modules\io.appium.settings\apks\settings_apk-debug.apk'
[debug] &amp#27;[38;5;48m[ADB]&amp#27;[0m Running 'C:\Users\hp\AppData\Local\Android\Sdk\platform-tools\adb.exe -P 5037 -s emulator-5554 shell dumpsys activity services io.appium.settings'
[debug] &amp#27;[38;5;32m[AndroidUiautomator2Driver@4151 (0bfa70db)]&amp#27;[0m io.appium.settings is already running. There is no need to reset its permissions.
[debug] &amp#27;[38;5;80m[Logcat]&amp#27;[0m Starting logs capture with command: C:\\Users\\hp\\AppData\\Local\\Android\\Sdk\\platform-tools\\adb.exe -P 5037 -s emulator-5554 logcat -v threadtime
[debug] &amp#27;[38;5;32m[AndroidUiautomator2Driver@4151 (0bfa70db)]&amp#27;[0m Forwarding UiAutomator2 Server port 6790 to local port 8200
[debug] &amp#27;[38;5;48m[ADB]&amp#27;[0m Forwarding system: 8200 to device: 6790
[debug] &amp#27;[38;5;48m[ADB]&amp#27;[0m Running 'C:\Users\hp\AppData\Local\Android\Sdk\platform-tools\adb.exe -P 5037 -s emulator-5554 forward tcp:8200 tcp:6790'
[debug] &amp#27;[38;5;48m[ADB]&amp#27;[0m Checking app cert for C:\Users\hp\eclipse-workspace\Appium_Poc\src\test\java\resources\APKFiles\resources\ApiDemos-debug.apk
[debug] &amp#27;[38;5;48m[ADB]&amp#27;[0m Checking app cert for C:\Users\hp\.appium\node_modules\appium-uiautomator2-driver\node_modules\appium-uiautomator2-server\apks\appium-uiautomator2-server-v7.0.0.apk
[debug] &amp#27;[38;5;48m[ADB]&amp#27;[0m Checking app cert for C:\Users\hp\.appium\node_modules\appium-uiautomator2-driver\node_modules\appium-uiautomator2-server\apks\appium-uiautomator2-server-debug-androidTest.apk
&amp#27;[38;5;48m[ADB]&amp#27;[0m Using 'apksigner.jar' from 'C:\Users\hp\AppData\Local\Android\Sdk\build-tools\34.0.0\lib\apksigner.jar'
[debug] &amp#27;[38;5;48m[ADB]&amp#27;[0m Starting apksigner: 'C:\\Program Files\\Java\\jdk-17\\bin\\java.exe' -Xmx1024M -Xss1m -jar C:\\Users\\hp\\AppData\\Local\\Android\\Sdk\\build-tools\\34.0.0\\lib\\apksigner.jar verify --print-certs C:\\Users\\hp\\.appium\\node_modules\\appium-uiautomator2-driver\\node_modules\\appium-uiautomator2-server\\apks\\appium-uiautomator2-server-debug-androidTest.apk
[...]
[debug] &amp#27;[38;5;48m[ADB]&amp#27;[0m Found package: 'io.appium.android.apis' and fully qualified activity name : 'io.appium.android.apis.ApiDemos'
&amp#27;[38;5;16m[AppiumDriver@a5f3]&amp#27;[0m New AndroidUiautomator2Driver session created successfully, session aa6328ac-5f15-4f89-8de1-960315094dd9 added to master session list
[debug] &amp#27;[38;5;16m[AppiumDriver@a5f3]&amp#27;[0m Event 'newSessionStarted' logged at 1710758967976 (16:19:27 GMT+0530 (India Standard Time))
[debug] &amp#27;[38;5;32m[AndroidUiautomator2Driver@d560 (aa6328ac)]&amp#27;[0m Cached the protocol value 'W3C' for the new session aa6328ac-5f15-4f89-8de1-960315094dd9
[debug] &amp#27;[38;5;32m[AndroidUiautomator2Driver@d560 (aa6328ac)]&amp#27;[0m Responding to client with driver.createSession() result: {"capabilities":{"platformName":"ANDROID","automationName":"UIAutomator2","deviceName":"emulator-5554","app":"C:\\Users\\hp\\eclipse-workspace\\Appium_Poc\\src\\test\\java\\resources\\APKFiles\\resources\\ApiDemos-debug.apk","platform":"LINUX","webStorageEnabled":false,"takesScreenshot":true,"javascriptEnabled":true,"databaseEnabled":false,"networkConnectionEnabled":true,"locationContextEnabled":false,"warnings":{},"desired":{"platformName":"ANDROID","automationName":"UIAutomator2","deviceName":"Roshan","app":"C:\\Users\\hp\\eclipse-workspace\\Appium_Poc\\src\\test\\java\\resources\\APKFiles\\resources\\ApiDemos-debug.apk"},"deviceUDID":"emulator-5554","appPackage":"io.appium.android.apis","pixelRatio":"2.75","statBarHeight":66,"viewportRect":{"left":0,"top":66,"width":1080,"height":2154},"deviceApiLevel":34,"platformVersion":"14","deviceManufacturer":"Google","deviceModel":"sdk_gphone64_x86_64","deviceScreenSize":"1080x2220","deviceScreenDensity":440}}
&amp#27;[38;5;0m[HTTP]&amp#27;[0m &amp#27;[37m<-- POST /session &amp#27;[39m&amp#27;[32m200&amp#27;[39m &amp#27;[90m18240 ms - 1028&amp#27;[39m
&amp#27;[38;5;0m[HTTP]&amp#27;[0m &amp#27;[90m&amp#27;[39m
&amp#27;[38;5;0m[HTTP]&amp#27;[0m &amp#27;[37m-->&amp#27;[39m &amp#27;[37mGET&amp#27;[39m &amp#27;[37m/session/aa6328ac-5f15-4f89-8de1-960315094dd9/context&amp#27;[39m
&amp#27;[38;5;0m[HTTP]&amp#27;[0m &amp#27;[90m{}&amp#27;[39m
[debug] &amp#27;[38;5;32m[AndroidUiautomator2Driver@d560 (aa6328ac)]&amp#27;[0m Calling AppiumDriver.getCurrentContext() with args: ["aa6328ac-5f15-4f89-8de1-960315094dd9"]
[debug] &amp#27;[38;5;32m[AndroidUiautomator2Driver@d560 (aa6328ac)]&amp#27;[0m Responding to client with driver.getCurrentContext() result: "NATIVE_APP"
&amp#27;[38;5;0m[HTTP]&amp#27;[0m &amp#27;[37m<-- GET /session/aa6328ac-5f15-4f89-8de1-960315094dd9/context &amp#27;[39m&amp#27;[32m200&amp#27;[39m &amp#27;[90m9 ms - 22&amp#27;[39m
&amp#27;[38;5;0m[HTTP]&amp#27;[0m &amp#27;[90m&amp#27;[39m
&amp#27;[38;5;0m[HTTP]&amp#27;[0m &amp#27;[37m-->&amp#27;[39m &amp#27;[37mPOST&amp#27;[39m &amp#27;[37m/session/aa6328ac-5f15-4f89-8de1-960315094dd9/element&amp#27;[39m
&amp#27;[38;5;0m[HTTP]&amp#27;[0m &amp#27;[90m{"value":"Views","using":"accessibility id"}&amp#27;[39m
[debug] &amp#27;[38;5;32m[AndroidUiautomator2Driver@d560 (aa6328ac)]&amp#27;[0m Calling AppiumDriver.findElement() with args: ["accessibility id","Views","aa6328ac-5f15-4f89-8de1-960315094dd9"]
[debug] &amp#27;[38;5;32m[AndroidUiautomator2Driver@d560 (aa6328ac)]&amp#27;[0m Valid locator strategies for this request: xpath, id, class name, accessibility id, css selector, -android uiautomator
[debug] &amp#27;[38;5;32m[AndroidUiautomator2Driver@d560 (aa6328ac)]&amp#27;[0m Waiting up to 0 ms for condition
[debug] &amp#27;[38;5;32m[AndroidUiautomator2Driver@d560 (aa6328ac)]&amp#27;[0m Matched '/element' to command name 'findElement'
[debug] &amp#27;[38;5;32m[AndroidUiautomator2Driver@d560 (aa6328ac)]&amp#27;[0m Proxying [POST /element] to [POST http://127.0.0.1:8200/session/2adeda7f-f362-4df1-9f06-0d279b2ec20a/element] with body: {"strategy":"accessibility id","selector":"Views","context":"","multiple":false}
[debug] &amp#27;[38;5;32m[AndroidUiautomator2Driver@d560 (aa6328ac)]&amp#27;[0m Got response with status 200: {"sessionId":"2adeda7f-f362-4df1-9f06-0d279b2ec20a","value":{"ELEMENT":"00000000-0000-00f5-ffff-ffff00000014","element-6066-11e4-a52e-4f735466cecf":"00000000-0000-00f5-ffff-ffff00000014"}}
[debug] &amp#27;[38;5;32m[AndroidUiautomator2Driver@d560 (aa6328ac)]&amp#27;[0m Responding to client with driver.findElement() result: {"element-6066-11e4-a52e-4f735466cecf":"00000000-0000-00f5-ffff-ffff00000014","ELEMENT":"00000000-0000-00f5-ffff-ffff00000014"}
&amp#27;[38;5;0m[HTTP]&amp#27;[0m &amp#27;[37m<-- POST /session/aa6328ac-5f15-4f89-8de1-960315094dd9/element &amp#27;[39m&amp#27;[32m200&amp#27;[39m &amp#27;[90m240 ms - 137&amp#27;[39m
&amp#27;[38;5;0m[HTTP]&amp#27;[0m &amp#27;[90m&amp#27;[39m
&amp#27;[38;5;0m[HTTP]&amp#27;[0m &amp#27;[37m-->&amp#27;[39m &amp#27;[37mPOST&amp#27;[39m &amp#27;[37m/session/aa6328ac-5f15-4f89-8de1-960315094dd9/element/00000000-0000-00f5-ffff-ffff00000014/click&amp#27;[39m
&amp#27;[38;5;0m[HTTP]&amp#27;[0m &amp#27;[90m{"id":"00000000-0000-00f5-ffff-ffff00000014"}&amp#27;[39m
[debug] &amp#27;[38;5;32m[AndroidUiautomator2Driver@d560 (aa6328ac)]&amp#27;[0m Calling AppiumDriver.click() with args: ["00000000-0000-00f5-ffff-ffff00000014","aa6328ac-5f15-4f89-8de1-960315094dd9"]
[debug] &amp#27;[38;5;32m[AndroidUiautomator2Driver@d560 (aa6328ac)]&amp#27;[0m Matched '/element/00000000-0000-00f5-ffff-ffff00000014/click' to command name 'click'
[debug] &amp#27;[38;5;32m[AndroidUiautomator2Driver@d560 (aa6328ac)]&amp#27;[0m Proxying [POST /element/00000000-0000-00f5-ffff-ffff00000014/click] to [POST http://127.0.0.1:8200/session/2adeda7f-f362-4df1-9f06-0d279b2ec20a/element/00000000-0000-00f5-ffff-ffff00000014/click] with body: {"element":"00000000-0000-00f5-ffff-ffff00000014"}
[debug] &amp#27;[38;5;32m[AndroidUiautomator2Driver@d560 (aa6328ac)]&amp#27;[0m Got response with status 200: {"sessionId":"2adeda7f-f362-4df1-9f06-0d279b2ec20a","value":null}
[debug] &amp#27;[38;5;32m[AndroidUiautomator2Driver@d560 (aa6328ac)]&amp#27;[0m Responding to client with driver.click() result: null
&amp#27;[38;5;0m[HTTP]&amp#27;[0m &amp#27;[37m<-- POST /session/aa6328ac-5f15-4f89-8de1-960315094dd9/element/00000000-0000-00f5-ffff-ffff00000014/click &amp#27;[39m&amp#27;[32m200&amp#27;[39m &amp#27;[90m914 ms - 14&amp#27;[39m
&amp#27;[38;5;0m[HTTP]&amp#27;[0m &amp#27;[90m&amp#27;[39m
&amp#27;[38;5;0m[HTTP]&amp#27;[0m &amp#27;[37m-->&amp#27;[39m &amp#27;[37mGET&amp#27;[39m &amp#27;[37m/session/aa6328ac-5f15-4f89-8de1-960315094dd9/context&amp#27;[39m
&amp#27;[38;5;0m[HTTP]&amp#27;[0m &amp#27;[90m{}&amp#27;[39m
[debug] &amp#27;[38;5;32m[AndroidUiautomator2Driver@d560 (aa6328ac)]&amp#27;[0m Calling AppiumDriver.getCurrentContext() with args: ["aa6328ac-5f15-4f89-8de1-960315094dd9"]
[debug] &amp#27;[38;5;32m[AndroidUiautomator2Driver@d560 (aa6328ac)]&amp#27;[0m Responding to client with driver.getCurrentContext() result: "NATIVE_APP"
&amp#27;[38;5;0m[HTTP]&amp#27;[0m &amp#27;[37m<-- GET /session/aa6328ac-5f15-4f89-8de1-960315094dd9/context &amp#27;[39m&amp#27;[32m200&amp#27;[39m &amp#27;[90m6 ms - 22&amp#27;[39m
&amp#27;[38;5;0m[HTTP]&amp#27;[0m &amp#27;[90m&amp#27;[39m
&amp#27;[38;5;0m[HTTP]&amp#27;[0m &amp#27;[37m-->&amp#27;[39m &amp#27;[37mPOST&amp#27;[39m &amp#27;[37m/session/aa6328ac-5f15-4f89-8de1-960315094dd9/element&amp#27;[39m
&amp#27;[38;5;0m[HTTP]&amp#27;[0m &amp#27;[90m{"value":"Expandable Lists","using":"accessibility id"}&amp#27;[39m
[debug] &amp#27;[38;5;32m[AndroidUiautomator2Driver@d560 (aa6328ac)]&amp#27;[0m Calling AppiumDriver.findElement() with args: ["accessibility id","Expandable Lists","aa6328ac-5f15-4f89-8de1-960315094dd9"]
[debug] &amp#27;[38;5;32m[AndroidUiautomator2Driver@d560 (aa6328ac)]&amp#27;[0m Valid locator strategies for this request: xpath, id, class name, accessibility id, css selector, -android uiautomator
[debug] &amp#27;[38;5;32m[AndroidUiautomator2Driver@d560 (aa6328ac)]&amp#27;[0m Waiting up to 0 ms for condition
[debug] &amp#27;[38;5;32m[AndroidUiautomator2Driver@d560 (aa6328ac)]&amp#27;[0m Matched '/element' to command name 'findElement'
[debug] &amp#27;[38;5;32m[AndroidUiautomator2Driver@d560 (aa6328ac)]&amp#27;[0m Proxying [POST /element] to [POST http://127.0.0.1:8200/session/2adeda7f-f362-4df1-9f06-0d279b2ec20a/element] with body: {"strategy":"accessibility id","selector":"Expandable Lists","context":"","multiple":false}
[debug] &amp#27;[38;5;32m[AndroidUiautomator2Driver@d560 (aa6328ac)]&amp#27;[0m Got response with status 200: {"sessionId":"2adeda7f-f362-4df1-9f06-0d279b2ec20a","value":{"ELEMENT":"00000000-0000-00f6-ffff-ffff00000027","element-6066-11e4-a52e-4f735466cecf":"00000000-0000-00f6-ffff-ffff00000027"}}
[debug] &amp#27;[38;5;32m[AndroidUiautomator2Driver@d560 (aa6328ac)]&amp#27;[0m Responding to client with driver.findElement() result: {"element-6066-11e4-a52e-4f735466cecf":"00000000-0000-00f6-ffff-ffff00000027","ELEMENT":"00000000-0000-00f6-ffff-ffff00000027"}
&amp#27;[38;5;0m[HTTP]&amp#27;[0m &amp#27;[37m<-- POST /session/aa6328ac-5f15-4f89-8de1-960315094dd9/element &amp#27;[39m&amp#27;[32m200&amp#27;[39m &amp#27;[90m231 ms - 137&amp#27;[39m
&amp#27;[38;5;0m[HTTP]&amp#27;[0m &amp#27;[90m&amp#27;[39m
&amp#27;[38;5;0m[HTTP]&amp#27;[0m &amp#27;[37m-->&amp#27;[39m &amp#27;[37mPOST&amp#27;[39m &amp#27;[37m/session/aa6328ac-5f15-4f89-8de1-960315094dd9/element/00000000-0000-00f6-ffff-ffff00000027/click&amp#27;[39m
&amp#27;[38;5;0m[HTTP]&amp#27;[0m &amp#27;[90m{"id":"00000000-0000-00f6-ffff-ffff00000027"}&amp#27;[39m
[debug] &amp#27;[38;5;32m[AndroidUiautomator2Driver@d560 (aa6328ac)]&amp#27;[0m Calling AppiumDriver.click() with args: ["00000000-0000-00f6-ffff-ffff00000027","aa6328ac-5f15-4f89-8de1-960315094dd9"]
[debug] &amp#27;[38;5;32m[AndroidUiautomator2Driver@d560 (aa6328ac)]&amp#27;[0m Matched '/element/00000000-0000-00f6-ffff-ffff00000027/click' to command name 'click'
[debug] &amp#27;[38;5;32m[AndroidUiautomator2Driver@d560 (aa6328ac)]&amp#27;[0m Proxying [POST /element/00000000-0000-00f6-ffff-ffff00000027/click] to [POST http://127.0.0.1:8200/session/2adeda7f-f362-4df1-9f06-0d279b2ec20a/element/00000000-0000-00f6-ffff-ffff00000027/click] with body: {"element":"00000000-0000-00f6-ffff-ffff00000027"}
[debug] &amp#27;[38;5;32m[AndroidUiautomator2Driver@d560 (aa6328ac)]&amp#27;[0m Got response with status 200: {"sessionId":"2adeda7f-f362-4df1-9f06-0d279b2ec20a","value":null}
[debug] &amp#27;[38;5;32m[AndroidUiautomator2Driver@d560 (aa6328ac)]&amp#27;[0m Responding to client with driver.click() result: null
&amp#27;[38;5;0m[HTTP]&amp#27;[0m &amp#27;[37m<-- POST /session/aa6328ac-5f15-4f89-8de1-960315094dd9/element/00000000-0000-00f6-ffff-ffff00000027/click &amp#27;[39m&amp#27;[32m200&amp#27;[39m &amp#27;[90m810 ms - 14&amp#27;[39m
&amp#27;[38;5;0m[HTTP]&amp#27;[0m &amp#27;[90m&amp#27;[39m
&amp#27;[38;5;0m[HTTP]&amp#27;[0m &amp#27;[37m-->&amp#27;[39m &amp#27;[37mGET&amp#27;[39m &amp#27;[37m/session/aa6328ac-5f15-4f89-8de1-960315094dd9/context&amp#27;[39m
&amp#27;[38;5;0m[HTTP]&amp#27;[0m &amp#27;[90m{}&amp#27;[39m
[debug] &amp#27;[38;5;32m[AndroidUiautomator2Driver@d560 (aa6328ac)]&amp#27;[0m Calling AppiumDriver.getCurrentContext() with args: ["aa6328ac-5f15-4f89-8de1-960315094dd9"]
[debug] &amp#27;[38;5;32m[AndroidUiautomator2Driver@d560 (aa6328ac)]&amp#27;[0m Responding to client with driver.getCurrentContext() result: "NATIVE_APP"
&amp#27;[38;5;0m[HTTP]&amp#27;[0m &amp#27;[37m<-- GET /session/aa6328ac-5f15-4f89-8de1-960315094dd9/context &amp#27;[39m&amp#27;[32m200&amp#27;[39m &amp#27;[90m2 ms - 22&amp#27;[39m
&amp#27;[38;5;0m[HTTP]&amp#27;[0m &amp#27;[90m&amp#27;[39m
&amp#27;[38;5;0m[HTTP]&amp#27;[0m &amp#27;[37m-->&amp#27;[39m &amp#27;[37mPOST&amp#27;[39m &amp#27;[37m/session/aa6328ac-5f15-4f89-8de1-960315094dd9/element&amp#27;[39m
&amp#27;[38;5;0m[HTTP]&amp#27;[0m &amp#27;[90m{"value":"1. Custom Adapter","using":"accessibility id"}&amp#27;[39m
[debug] &amp#27;[38;5;32m[AndroidUiautomator2Driver@d560 (aa6328ac)]&amp#27;[0m Calling AppiumDriver.findElement() with args: ["accessibility id","1. Custom Adapter","aa6328ac-5f15-4f89-8de1-960315094dd9"]
[debug] &amp#27;[38;5;32m[AndroidUiautomator2Driver@d560 (aa6328ac)]&amp#27;[0m Valid locator strategies for this request: xpath, id, class name, accessibility id, css selector, -android uiautomator
[debug] &amp#27;[38;5;32m[AndroidUiautomator2Driver@d560 (aa6328ac)]&amp#27;[0m Waiting up to 0 ms for condition
[debug] &amp#27;[38;5;32m[AndroidUiautomator2Driver@d560 (aa6328ac)]&amp#27;[0m Matched '/element' to command name 'findElement'
[debug] &amp#27;[38;5;32m[AndroidUiautomator2Driver@d560 (aa6328ac)]&amp#27;[0m Proxying [POST /element] to [POST http://127.0.0.1:8200/session/2adeda7f-f362-4df1-9f06-0d279b2ec20a/element] with body: {"strategy":"accessibility id","selector":"1. Custom Adapter","context":"","multiple":false}
[debug] &amp#27;[38;5;32m[AndroidUiautomator2Driver@d560 (aa6328ac)]&amp#27;[0m Got response with status 200: {"sessionId":"2adeda7f-f362-4df1-9f06-0d279b2ec20a","value":{"ELEMENT":"00000000-0000-00f7-ffff-ffff00000038","element-6066-11e4-a52e-4f735466cecf":"00000000-0000-00f7-ffff-ffff00000038"}}
[debug] &amp#27;[38;5;32m[AndroidUiautomator2Driver@d560 (aa6328ac)]&amp#27;[0m Responding to client with driver.findElement() result: {"element-6066-11e4-a52e-4f735466cecf":"00000000-0000-00f7-ffff-ffff00000038","ELEMENT":"00000000-0000-00f7-ffff-ffff00000038"}
&amp#27;[38;5;0m[HTTP]&amp#27;[0m &amp#27;[37m<-- POST /session/aa6328ac-5f15-4f89-8de1-960315094dd9/element &amp#27;[39m&amp#27;[32m200&amp#27;[39m &amp#27;[90m124 ms - 137&amp#27;[39m
&amp#27;[38;5;0m[HTTP]&amp#27;[0m &amp#27;[90m&amp#27;[39m
&amp#27;[38;5;0m[HTTP]&amp#27;[0m &amp#27;[37m-->&amp#27;[39m &amp#27;[37mPOST&amp#27;[39m &amp#27;[37m/session/aa6328ac-5f15-4f89-8de1-960315094dd9/element/00000000-0000-00f7-ffff-ffff00000038/click&amp#27;[39m
&amp#27;[38;5;0m[HTTP]&amp#27;[0m &amp#27;[90m{"id":"00000000-0000-00f7-ffff-ffff00000038"}&amp#27;[39m
[debug] &amp#27;[38;5;32m[AndroidUiautomator2Driver@d560 (aa6328ac)]&amp#27;[0m Calling AppiumDriver.click() with args: ["00000000-0000-00f7-ffff-ffff00000038","aa6328ac-5f15-4f89-8de1-960315094dd9"]
[debug] &amp#27;[38;5;32m[AndroidUiautomator2Driver@d560 (aa6328ac)]&amp#27;[0m Matched '/element/00000000-0000-00f7-ffff-ffff00000038/click' to command name 'click'
[debug] &amp#27;[38;5;32m[AndroidUiautomator2Driver@d560 (aa6328ac)]&amp#27;[0m Proxying [POST /element/00000000-0000-00f7-ffff-ffff00000038/click] to [POST http://127.0.0.1:8200/session/2adeda7f-f362-4df1-9f06-0d279b2ec20a/element/00000000-0000-00f7-ffff-ffff00000038/click] with body: {"element":"00000000-0000-00f7-ffff-ffff00000038"}
[debug] &amp#27;[38;5;32m[AndroidUiautomator2Driver@d560 (aa6328ac)]&amp#27;[0m Got response with status 200: {"sessionId":"2adeda7f-f362-4df1-9f06-0d279b2ec20a","value":null}
[debug] &amp#27;[38;5;32m[AndroidUiautomator2Driver@d560 (aa6328ac)]&amp#27;[0m Responding to client with driver.click() result: null
&amp#27;[38;5;0m[HTTP]&amp#27;[0m &amp#27;[37m<-- POST /session/aa6328ac-5f15-4f89-8de1-960315094dd9/element/00000000-0000-00f7-ffff-ffff00000038/click &amp#27;[39m&amp#27;[32m200&amp#27;[39m &amp#27;[90m2111 ms - 14&amp#27;[39m
&amp#27;[38;5;0m[HTTP]&amp#27;[0m &amp#27;[90m&amp#27;[39m
&amp#27;[38;5;0m[HTTP]&amp#27;[0m &amp#27;[37m-->&amp#27;[39m &amp#27;[37mGET&amp#27;[39m &amp#27;[37m/session/aa6328ac-5f15-4f89-8de1-960315094dd9/context&amp#27;[39m
&amp#27;[38;5;0m[HTTP]&amp#27;[0m &amp#27;[90m{}&amp#27;[39m
[debug] &amp#27;[38;5;32m[AndroidUiautomator2Driver@d560 (aa6328ac)]&amp#27;[0m Calling AppiumDriver.getCurrentContext() with args: ["aa6328ac-5f15-4f89-8de1-960315094dd9"]
[debug] &amp#27;[38;5;32m[AndroidUiautomator2Driver@d560 (aa6328ac)]&amp#27;[0m Responding to client with driver.getCurrentContext() result: "NATIVE_APP"
&amp#27;[38;5;0m[HTTP]&amp#27;[0m &amp#27;[37m<-- GET /session/aa6328ac-5f15-4f89-8de1-960315094dd9/context &amp#27;[39m&amp#27;[32m200&amp#27;[39m &amp#27;[90m2 ms - 22&amp#27;[39m
&amp#27;[38;5;0m[HTTP]&amp#27;[0m &amp#27;[90m&amp#27;[39m
&amp#27;[38;5;0m[HTTP]&amp#27;[0m &amp#27;[37m-->&amp#27;[39m &amp#27;[37mPOST&amp#27;[39m &amp#27;[37m/session/aa6328ac-5f15-4f89-8de1-960315094dd9/element&amp#27;[39m
&amp#27;[38;5;0m[HTTP]&amp#27;[0m &amp#27;[90m{"value":"//android.widget.TextView[@text='People Names']","using":"xpath"}&amp#27;[39m
[debug] &amp#27;[38;5;32m[AndroidUiautomator2Driver@d560 (aa6328ac)]&amp#27;[0m Calling AppiumDriver.findElement() with args: ["xpath","//android.widget.TextView[@text='People Names']","aa6328ac-5f15-4f89-8de1-960315094dd9"]
[debug] &amp#27;[38;5;32m[AndroidUiautomator2Driver@d560 (aa6328ac)]&amp#27;[0m Valid locator strategies for this request: xpath, id, class name, accessibility id, css selector, -android uiautomator
[debug] &amp#27;[38;5;32m[AndroidUiautomator2Driver@d560 (aa6328ac)]&amp#27;[0m Waiting up to 0 ms for condition
[debug] &amp#27;[38;5;32m[AndroidUiautomator2Driver@d560 (aa6328ac)]&amp#27;[0m Matched '/element' to command name 'findElement'
[debug] &amp#27;[38;5;32m[AndroidUiautomator2Driver@d560 (aa6328ac)]&amp#27;[0m Proxying [POST /element] to [POST http://127.0.0.1:8200/session/2adeda7f-f362-4df1-9f06-0d279b2ec20a/element] with body: {"strategy":"xpath","selector":"//android.widget.TextView[@text='People Names']","context":"","multiple":false}
[debug] &amp#27;[38;5;32m[AndroidUiautomator2Driver@d560 (aa6328ac)]&amp#27;[0m Got response with status 200: {"sessionId":"2adeda7f-f362-4df1-9f06-0d279b2ec20a","value":{"ELEMENT":"00000000-0000-00f8-ffff-ffff00000045","element-6066-11e4-a52e-4f735466cecf":"00000000-0000-00f8-ffff-ffff00000045"}}
[debug] &amp#27;[38;5;32m[AndroidUiautomator2Driver@d560 (aa6328ac)]&amp#27;[0m Responding to client with driver.findElement() result: {"element-6066-11e4-a52e-4f735466cecf":"00000000-0000-00f8-ffff-ffff00000045","ELEMENT":"00000000-0000-00f8-ffff-ffff00000045"}
&amp#27;[38;5;0m[HTTP]&amp#27;[0m &amp#27;[37m<-- POST /session/aa6328ac-5f15-4f89-8de1-960315094dd9/element &amp#27;[39m&amp#27;[32m200&amp#27;[39m &amp#27;[90m3428 ms - 137&amp#27;[39m
&amp#27;[38;5;0m[HTTP]&amp#27;[0m &amp#27;[90m&amp#27;[39m
&amp#27;[38;5;0m[HTTP]&amp#27;[0m &amp#27;[37m-->&amp#27;[39m &amp#27;[37mPOST&amp#27;[39m &amp#27;[37m/session/aa6328ac-5f15-4f89-8de1-960315094dd9/execute/sync&amp#27;[39m
&amp#27;[38;5;0m[HTTP]&amp#27;[0m &amp#27;[90m{"args":[{"elementId":"00000000-0000-00f8-ffff-ffff00000045","duration":3000}],"script":"mobile: longClickGesture"}&amp#27;[39m
[debug] &amp#27;[38;5;32m[AndroidUiautomator2Driver@d560 (aa6328ac)]&amp#27;[0m Calling AppiumDriver.execute() with args: ["mobile: longClickGesture",[{"elementId":"00000000-0000-00f8-ffff-ffff00000045","duration":3000}],"aa6328ac-5f15-4f89-8de1-960315094dd9"]
&amp#27;[38;5;32m[AndroidUiautomator2Driver@d560 (aa6328ac)]&amp#27;[0m Executing method 'mobile: longClickGesture'
[debug] &amp#27;[38;5;32m[AndroidUiautomator2Driver@d560 (aa6328ac)]&amp#27;[0m Proxying [POST /appium/gestures/long_click] to [POST http://127.0.0.1:8200/session/2adeda7f-f362-4df1-9f06-0d279b2ec20a/appium/gestures/long_click] with body: {"origin":{"ELEMENT":"00000000-0000-00f8-ffff-ffff00000045","element-6066-11e4-a52e-4f735466cecf":"00000000-0000-00f8-ffff-ffff00000045"},"duration":3000}
[debug] &amp#27;[38;5;32m[AndroidUiautomator2Driver@d560 (aa6328ac)]&amp#27;[0m Got response with status 200: {"sessionId":"2adeda7f-f362-4df1-9f06-0d279b2ec20a","value":null}
[debug] &amp#27;[38;5;32m[AndroidUiautomator2Driver@d560 (aa6328ac)]&amp#27;[0m Responding to client with driver.execute() result: null
&amp#27;[38;5;0m[HTTP]&amp#27;[0m &amp#27;[37m<-- POST /session/aa6328ac-5f15-4f89-8de1-960315094dd9/execute/sync &amp#27;[39m&amp#27;[32m200&amp#27;[39m &amp#27;[90m7459 ms - 14&amp#27;[39m
&amp#27;[38;5;0m[HTTP]&amp#27;[0m &amp#27;[90m&amp#27;[39m
]]></system-out>
  </testcase>
</testsuite>