<?xml version="1.0" encoding="UTF-8"?>
<testng-results ignored="0" total="3" passed="3" failed="0" skipped="0">
  <reporter-output>
  </reporter-output>
  <suite started-at="2024-03-18T16:17:14 IST" name="Suite" finished-at="2024-03-18T16:19:51 IST" duration-ms="157225">
    <groups>
      <group name="Regression">
        <method signature="validatePreferenceAlert.verifyPreferanceAlertTest(java.util.HashMap)[pri:0, instance:DnT.Appium_Poc.validatePreferenceAlert@1ca3b418]" name="verifyPreferanceAlertTest" class="DnT.Appium_Poc.validatePreferenceAlert"/>
        <method signature="ViewslongPressTest.verifyLongPressTest()[pri:0, instance:DnT.Appium_Poc.ViewslongPressTest@14028087]" name="verifyLongPressTest" class="DnT.Appium_Poc.ViewslongPressTest"/>
      </group> <!-- Regression -->
      <group name="Smoke">
        <method signature="verifyUserScrollingAction.verifyLongPressTest()[pri:0, instance:DnT.Appium_Poc.verifyUserScrollingAction@6fa51cd4]" name="verifyLongPressTest" class="DnT.Appium_Poc.verifyUserScrollingAction"/>
        <method signature="ViewslongPressTest.verifyLongPressTest()[pri:0, instance:DnT.Appium_Poc.ViewslongPressTest@14028087]" name="verifyLongPressTest" class="DnT.Appium_Poc.ViewslongPressTest"/>
      </group> <!-- Smoke -->
    </groups>
    <test started-at="2024-03-18T16:17:14 IST" name="validatePreferenceAlert" finished-at="2024-03-18T16:18:08 IST" duration-ms="54148">
      <class name="DnT.Appium_Poc.validatePreferenceAlert">
        <test-method is-config="true" signature="configureAppium()[pri:0, instance:DnT.Appium_Poc.validatePreferenceAlert@1ca3b418]" started-at="2024-03-18T16:17:14 IST" name="configureAppium" finished-at="2024-03-18T16:17:42 IST" duration-ms="27916" status="PASS">
          <reporter-output>
          </reporter-output>
        </test-method> <!-- configureAppium -->
        <test-method signature="verifyPreferanceAlertTest(java.util.HashMap)[pri:0, instance:DnT.Appium_Poc.validatePreferenceAlert@1ca3b418]" started-at="2024-03-18T16:17:42 IST" name="verifyPreferanceAlertTest" data-provider="getData" finished-at="2024-03-18T16:18:06 IST" duration-ms="23640" status="PASS">
          <params>
            <param index="0">
              <value>
                <![CDATA[{wifiText=RoshanMorkhade, expectText=WiFi settings}]]>
              </value>
            </param>
          </params>
          <reporter-output>
          </reporter-output>
        </test-method> <!-- verifyPreferanceAlertTest -->
        <test-method is-config="true" signature="tearDown()[pri:0, instance:DnT.Appium_Poc.validatePreferenceAlert@1ca3b418]" started-at="2024-03-18T16:18:06 IST" name="tearDown" finished-at="2024-03-18T16:18:08 IST" duration-ms="1741" status="PASS">
          <reporter-output>
          </reporter-output>
        </test-method> <!-- tearDown -->
      </class> <!-- DnT.Appium_Poc.validatePreferenceAlert -->
    </test> <!-- validatePreferenceAlert -->
    <test started-at="2024-03-18T16:18:09 IST" name="verifyUserScrollingAction" finished-at="2024-03-18T16:18:57 IST" duration-ms="47540">
      <class name="DnT.Appium_Poc.verifyUserScrollingAction">
        <test-method is-config="true" signature="configureAppium()[pri:0, instance:DnT.Appium_Poc.verifyUserScrollingAction@6fa51cd4]" started-at="2024-03-18T16:18:09 IST" name="configureAppium" finished-at="2024-03-18T16:18:39 IST" duration-ms="30319" status="PASS">
          <reporter-output>
          </reporter-output>
        </test-method> <!-- configureAppium -->
        <test-method signature="verifyLongPressTest()[pri:0, instance:DnT.Appium_Poc.verifyUserScrollingAction@6fa51cd4]" started-at="2024-03-18T16:18:39 IST" name="verifyLongPressTest" finished-at="2024-03-18T16:18:56 IST" duration-ms="16210" status="PASS">
          <reporter-output>
          </reporter-output>
        </test-method> <!-- verifyLongPressTest -->
        <test-method is-config="true" signature="tearDown()[pri:0, instance:DnT.Appium_Poc.verifyUserScrollingAction@6fa51cd4]" started-at="2024-03-18T16:18:56 IST" name="tearDown" finished-at="2024-03-18T16:18:57 IST" duration-ms="1009" status="PASS">
          <reporter-output>
          </reporter-output>
        </test-method> <!-- tearDown -->
      </class> <!-- DnT.Appium_Poc.verifyUserScrollingAction -->
    </test> <!-- verifyUserScrollingAction -->
    <test started-at="2024-03-18T16:18:57 IST" name="ViewslongPressTest" finished-at="2024-03-18T16:19:51 IST" duration-ms="54160">
      <class name="DnT.Appium_Poc.ViewslongPressTest">
        <test-method is-config="true" signature="configureAppium()[pri:0, instance:DnT.Appium_Poc.ViewslongPressTest@14028087]" started-at="2024-03-18T16:18:57 IST" name="configureAppium" finished-at="2024-03-18T16:19:27 IST" duration-ms="30703" status="PASS">
          <reporter-output>
          </reporter-output>
        </test-method> <!-- configureAppium -->
        <test-method signature="verifyLongPressTest()[pri:0, instance:DnT.Appium_Poc.ViewslongPressTest@14028087]" started-at="2024-03-18T16:19:27 IST" name="verifyLongPressTest" finished-at="2024-03-18T16:19:50 IST" duration-ms="22238" status="PASS">
          <reporter-output>
          </reporter-output>
        </test-method> <!-- verifyLongPressTest -->
        <test-method is-config="true" signature="tearDown()[pri:0, instance:DnT.Appium_Poc.ViewslongPressTest@14028087]" started-at="2024-03-18T16:19:50 IST" name="tearDown" finished-at="2024-03-18T16:19:51 IST" duration-ms="1209" status="PASS">
          <reporter-output>
          </reporter-output>
        </test-method> <!-- tearDown -->
      </class> <!-- DnT.Appium_Poc.ViewslongPressTest -->
    </test> <!-- ViewslongPressTest -->
  </suite> <!-- Suite -->
</testng-results>
