<?xml version="1.0" encoding="UTF-8"?>
<testng-results ignored="1" total="3" passed="2" failed="0" skipped="0">
  <reporter-output>
  </reporter-output>
  <suite started-at="2024-03-18T15:49:00 IST" name="Suite" finished-at="2024-03-18T15:50:27 IST" duration-ms="87082">
    <groups>
      <group name="Regression">
        <method signature="ViewslongPressTest.verifyLongPressTest()[pri:0, instance:DnT.Appium_Poc.ViewslongPressTest@3932c79a]" name="verifyLongPressTest" class="DnT.Appium_Poc.ViewslongPressTest"/>
      </group> <!-- Regression -->
      <group name="Smoke">
        <method signature="verifyUserScrollingAction.verifyLongPressTest()[pri:0, instance:DnT.Appium_Poc.verifyUserScrollingAction@aba625]" name="verifyLongPressTest" class="DnT.Appium_Poc.verifyUserScrollingAction"/>
        <method signature="ViewslongPressTest.verifyLongPressTest()[pri:0, instance:DnT.Appium_Poc.ViewslongPressTest@3932c79a]" name="verifyLongPressTest" class="DnT.Appium_Poc.ViewslongPressTest"/>
      </group> <!-- Smoke -->
    </groups>
    <test started-at="2024-03-18T15:49:00 IST" name="validatePreferenceAlert" finished-at="2024-03-18T15:49:00 IST" duration-ms="16">
    </test> <!-- validatePreferenceAlert -->
    <test started-at="2024-03-18T15:49:00 IST" name="verifyUserScrollingAction" finished-at="2024-03-18T15:49:42 IST" duration-ms="41946">
      <class name="DnT.Appium_Poc.verifyUserScrollingAction">
        <test-method is-config="true" signature="configureAppium()[pri:0, instance:DnT.Appium_Poc.verifyUserScrollingAction@aba625]" started-at="2024-03-18T15:49:00 IST" name="configureAppium" finished-at="2024-03-18T15:49:24 IST" duration-ms="23794" status="PASS">
          <reporter-output>
          </reporter-output>
        </test-method> <!-- configureAppium -->
        <test-method signature="verifyLongPressTest()[pri:0, instance:DnT.Appium_Poc.verifyUserScrollingAction@aba625]" started-at="2024-03-18T15:49:24 IST" name="verifyLongPressTest" finished-at="2024-03-18T15:49:41 IST" duration-ms="17078" status="PASS">
          <reporter-output>
          </reporter-output>
        </test-method> <!-- verifyLongPressTest -->
        <test-method is-config="true" signature="tearDown()[pri:0, instance:DnT.Appium_Poc.verifyUserScrollingAction@aba625]" started-at="2024-03-18T15:49:41 IST" name="tearDown" finished-at="2024-03-18T15:49:42 IST" duration-ms="1018" status="PASS">
          <reporter-output>
          </reporter-output>
        </test-method> <!-- tearDown -->
      </class> <!-- DnT.Appium_Poc.verifyUserScrollingAction -->
    </test> <!-- verifyUserScrollingAction -->
    <test started-at="2024-03-18T15:49:43 IST" name="ViewslongPressTest" finished-at="2024-03-18T15:50:27 IST" duration-ms="44414">
      <class name="DnT.Appium_Poc.ViewslongPressTest">
        <test-method is-config="true" signature="configureAppium()[pri:0, instance:DnT.Appium_Poc.ViewslongPressTest@3932c79a]" started-at="2024-03-18T15:49:43 IST" name="configureAppium" finished-at="2024-03-18T15:50:05 IST" duration-ms="22918" status="PASS">
          <reporter-output>
          </reporter-output>
        </test-method> <!-- configureAppium -->
        <test-method signature="verifyLongPressTest()[pri:0, instance:DnT.Appium_Poc.ViewslongPressTest@3932c79a]" started-at="2024-03-18T15:50:05 IST" name="verifyLongPressTest" finished-at="2024-03-18T15:50:26 IST" duration-ms="20502" status="PASS">
          <reporter-output>
          </reporter-output>
        </test-method> <!-- verifyLongPressTest -->
        <test-method is-config="true" signature="tearDown()[pri:0, instance:DnT.Appium_Poc.ViewslongPressTest@3932c79a]" started-at="2024-03-18T15:50:26 IST" name="tearDown" finished-at="2024-03-18T15:50:27 IST" duration-ms="984" status="PASS">
          <reporter-output>
          </reporter-output>
        </test-method> <!-- tearDown -->
      </class> <!-- DnT.Appium_Poc.ViewslongPressTest -->
    </test> <!-- ViewslongPressTest -->
  </suite> <!-- Suite -->
</testng-results>
